[2025-04-30T20:23:25.289+0000] {processor.py:161} INFO - Started process (PID=165) to work on /opt/airflow/dags/bixi_main_dag.py
[2025-04-30T20:23:25.291+0000] {processor.py:830} INFO - Processing file /opt/airflow/dags/bixi_main_dag.py for tasks to queue
[2025-04-30T20:23:25.294+0000] {logging_mixin.py:188} INFO - [2025-04-30T20:23:25.294+0000] {dagbag.py:538} INFO - Filling up the DagBag from /opt/airflow/dags/bixi_main_dag.py
[2025-04-30T20:23:26.458+0000] {processor.py:840} INFO - DAG(s) 'bixi_main_dag' retrieved from /opt/airflow/dags/bixi_main_dag.py
[2025-04-30T20:23:26.500+0000] {logging_mixin.py:188} INFO - [2025-04-30T20:23:26.499+0000] {dag.py:3036} INFO - Sync 1 DAGs
[2025-04-30T20:23:26.539+0000] {logging_mixin.py:188} INFO - [2025-04-30T20:23:26.539+0000] {dag.py:3823} INFO - Setting next_dagrun for bixi_main_dag to 2025-04-30 00:00:00+00:00, run_after=2025-05-01 00:00:00+00:00
[2025-04-30T20:23:26.602+0000] {processor.py:183} INFO - Processing /opt/airflow/dags/bixi_main_dag.py took 1.316 seconds
[2025-04-30T20:23:56.785+0000] {processor.py:161} INFO - Started process (PID=193) to work on /opt/airflow/dags/bixi_main_dag.py
[2025-04-30T20:23:56.786+0000] {processor.py:830} INFO - Processing file /opt/airflow/dags/bixi_main_dag.py for tasks to queue
[2025-04-30T20:23:56.787+0000] {logging_mixin.py:188} INFO - [2025-04-30T20:23:56.786+0000] {dagbag.py:538} INFO - Filling up the DagBag from /opt/airflow/dags/bixi_main_dag.py
[2025-04-30T20:23:57.007+0000] {processor.py:840} INFO - DAG(s) 'bixi_main_dag' retrieved from /opt/airflow/dags/bixi_main_dag.py
[2025-04-30T20:23:57.025+0000] {logging_mixin.py:188} INFO - [2025-04-30T20:23:57.025+0000] {dag.py:3036} INFO - Sync 1 DAGs
[2025-04-30T20:23:57.044+0000] {logging_mixin.py:188} INFO - [2025-04-30T20:23:57.044+0000] {dag.py:3823} INFO - Setting next_dagrun for bixi_main_dag to 2025-04-30 00:00:00+00:00, run_after=2025-05-01 00:00:00+00:00
[2025-04-30T20:23:57.069+0000] {processor.py:183} INFO - Processing /opt/airflow/dags/bixi_main_dag.py took 0.288 seconds
[2025-04-30T20:24:27.296+0000] {processor.py:161} INFO - Started process (PID=202) to work on /opt/airflow/dags/bixi_main_dag.py
[2025-04-30T20:24:27.298+0000] {processor.py:830} INFO - Processing file /opt/airflow/dags/bixi_main_dag.py for tasks to queue
[2025-04-30T20:24:27.300+0000] {logging_mixin.py:188} INFO - [2025-04-30T20:24:27.298+0000] {dagbag.py:538} INFO - Filling up the DagBag from /opt/airflow/dags/bixi_main_dag.py
[2025-04-30T20:24:27.486+0000] {processor.py:840} INFO - DAG(s) 'bixi_main_dag' retrieved from /opt/airflow/dags/bixi_main_dag.py
[2025-04-30T20:24:27.613+0000] {logging_mixin.py:188} INFO - [2025-04-30T20:24:27.613+0000] {dag.py:3036} INFO - Sync 1 DAGs
[2025-04-30T20:24:27.625+0000] {logging_mixin.py:188} INFO - [2025-04-30T20:24:27.624+0000] {dag.py:3823} INFO - Setting next_dagrun for bixi_main_dag to 2025-04-30 00:00:00+00:00, run_after=2025-05-01 00:00:00+00:00
[2025-04-30T20:24:27.634+0000] {processor.py:183} INFO - Processing /opt/airflow/dags/bixi_main_dag.py took 0.342 seconds
[2025-04-30T20:24:57.837+0000] {processor.py:161} INFO - Started process (PID=208) to work on /opt/airflow/dags/bixi_main_dag.py
[2025-04-30T20:24:57.838+0000] {processor.py:830} INFO - Processing file /opt/airflow/dags/bixi_main_dag.py for tasks to queue
[2025-04-30T20:24:57.839+0000] {logging_mixin.py:188} INFO - [2025-04-30T20:24:57.838+0000] {dagbag.py:538} INFO - Filling up the DagBag from /opt/airflow/dags/bixi_main_dag.py
[2025-04-30T20:24:57.999+0000] {processor.py:840} INFO - DAG(s) 'bixi_main_dag' retrieved from /opt/airflow/dags/bixi_main_dag.py
[2025-04-30T20:24:58.019+0000] {logging_mixin.py:188} INFO - [2025-04-30T20:24:58.019+0000] {dag.py:3036} INFO - Sync 1 DAGs
[2025-04-30T20:24:58.033+0000] {logging_mixin.py:188} INFO - [2025-04-30T20:24:58.032+0000] {dag.py:3823} INFO - Setting next_dagrun for bixi_main_dag to 2025-04-30 00:00:00+00:00, run_after=2025-05-01 00:00:00+00:00
[2025-04-30T20:24:58.040+0000] {processor.py:183} INFO - Processing /opt/airflow/dags/bixi_main_dag.py took 0.207 seconds
[2025-04-30T20:25:28.101+0000] {processor.py:161} INFO - Started process (PID=214) to work on /opt/airflow/dags/bixi_main_dag.py
[2025-04-30T20:25:28.102+0000] {processor.py:830} INFO - Processing file /opt/airflow/dags/bixi_main_dag.py for tasks to queue
[2025-04-30T20:25:28.103+0000] {logging_mixin.py:188} INFO - [2025-04-30T20:25:28.102+0000] {dagbag.py:538} INFO - Filling up the DagBag from /opt/airflow/dags/bixi_main_dag.py
[2025-04-30T20:25:28.370+0000] {processor.py:840} INFO - DAG(s) 'bixi_main_dag' retrieved from /opt/airflow/dags/bixi_main_dag.py
[2025-04-30T20:25:28.396+0000] {logging_mixin.py:188} INFO - [2025-04-30T20:25:28.395+0000] {dag.py:3036} INFO - Sync 1 DAGs
[2025-04-30T20:25:28.409+0000] {logging_mixin.py:188} INFO - [2025-04-30T20:25:28.409+0000] {dag.py:3823} INFO - Setting next_dagrun for bixi_main_dag to 2025-04-30 00:00:00+00:00, run_after=2025-05-01 00:00:00+00:00
[2025-04-30T20:25:28.421+0000] {processor.py:183} INFO - Processing /opt/airflow/dags/bixi_main_dag.py took 0.326 seconds
[2025-04-30T20:25:58.485+0000] {processor.py:161} INFO - Started process (PID=220) to work on /opt/airflow/dags/bixi_main_dag.py
[2025-04-30T20:25:58.486+0000] {processor.py:830} INFO - Processing file /opt/airflow/dags/bixi_main_dag.py for tasks to queue
[2025-04-30T20:25:58.487+0000] {logging_mixin.py:188} INFO - [2025-04-30T20:25:58.486+0000] {dagbag.py:538} INFO - Filling up the DagBag from /opt/airflow/dags/bixi_main_dag.py
[2025-04-30T20:25:58.663+0000] {processor.py:840} INFO - DAG(s) 'bixi_main_dag' retrieved from /opt/airflow/dags/bixi_main_dag.py
[2025-04-30T20:25:58.693+0000] {logging_mixin.py:188} INFO - [2025-04-30T20:25:58.693+0000] {dag.py:3036} INFO - Sync 1 DAGs
[2025-04-30T20:25:58.708+0000] {logging_mixin.py:188} INFO - [2025-04-30T20:25:58.708+0000] {dag.py:3823} INFO - Setting next_dagrun for bixi_main_dag to 2025-04-30 00:00:00+00:00, run_after=2025-05-01 00:00:00+00:00
[2025-04-30T20:25:58.719+0000] {processor.py:183} INFO - Processing /opt/airflow/dags/bixi_main_dag.py took 0.239 seconds
[2025-04-30T20:26:28.816+0000] {processor.py:161} INFO - Started process (PID=226) to work on /opt/airflow/dags/bixi_main_dag.py
[2025-04-30T20:26:28.818+0000] {processor.py:830} INFO - Processing file /opt/airflow/dags/bixi_main_dag.py for tasks to queue
[2025-04-30T20:26:28.819+0000] {logging_mixin.py:188} INFO - [2025-04-30T20:26:28.818+0000] {dagbag.py:538} INFO - Filling up the DagBag from /opt/airflow/dags/bixi_main_dag.py
[2025-04-30T20:26:29.063+0000] {processor.py:840} INFO - DAG(s) 'bixi_main_dag' retrieved from /opt/airflow/dags/bixi_main_dag.py
[2025-04-30T20:26:29.087+0000] {logging_mixin.py:188} INFO - [2025-04-30T20:26:29.087+0000] {dag.py:3036} INFO - Sync 1 DAGs
[2025-04-30T20:26:29.104+0000] {logging_mixin.py:188} INFO - [2025-04-30T20:26:29.103+0000] {dag.py:3823} INFO - Setting next_dagrun for bixi_main_dag to 2025-04-30 00:00:00+00:00, run_after=2025-05-01 00:00:00+00:00
[2025-04-30T20:26:29.112+0000] {processor.py:183} INFO - Processing /opt/airflow/dags/bixi_main_dag.py took 0.302 seconds
[2025-04-30T20:26:59.348+0000] {processor.py:161} INFO - Started process (PID=232) to work on /opt/airflow/dags/bixi_main_dag.py
[2025-04-30T20:26:59.349+0000] {processor.py:830} INFO - Processing file /opt/airflow/dags/bixi_main_dag.py for tasks to queue
[2025-04-30T20:26:59.350+0000] {logging_mixin.py:188} INFO - [2025-04-30T20:26:59.350+0000] {dagbag.py:538} INFO - Filling up the DagBag from /opt/airflow/dags/bixi_main_dag.py
[2025-04-30T20:26:59.530+0000] {processor.py:840} INFO - DAG(s) 'bixi_main_dag' retrieved from /opt/airflow/dags/bixi_main_dag.py
[2025-04-30T20:26:59.551+0000] {logging_mixin.py:188} INFO - [2025-04-30T20:26:59.550+0000] {dag.py:3036} INFO - Sync 1 DAGs
[2025-04-30T20:26:59.565+0000] {logging_mixin.py:188} INFO - [2025-04-30T20:26:59.565+0000] {dag.py:3823} INFO - Setting next_dagrun for bixi_main_dag to 2025-04-30 00:00:00+00:00, run_after=2025-05-01 00:00:00+00:00
[2025-04-30T20:26:59.574+0000] {processor.py:183} INFO - Processing /opt/airflow/dags/bixi_main_dag.py took 0.231 seconds
[2025-04-30T20:27:29.616+0000] {processor.py:161} INFO - Started process (PID=238) to work on /opt/airflow/dags/bixi_main_dag.py
[2025-04-30T20:27:29.618+0000] {processor.py:830} INFO - Processing file /opt/airflow/dags/bixi_main_dag.py for tasks to queue
[2025-04-30T20:27:29.619+0000] {logging_mixin.py:188} INFO - [2025-04-30T20:27:29.619+0000] {dagbag.py:538} INFO - Filling up the DagBag from /opt/airflow/dags/bixi_main_dag.py
[2025-04-30T20:27:29.797+0000] {processor.py:840} INFO - DAG(s) 'bixi_main_dag' retrieved from /opt/airflow/dags/bixi_main_dag.py
[2025-04-30T20:27:29.821+0000] {logging_mixin.py:188} INFO - [2025-04-30T20:27:29.820+0000] {dag.py:3036} INFO - Sync 1 DAGs
[2025-04-30T20:27:29.836+0000] {logging_mixin.py:188} INFO - [2025-04-30T20:27:29.835+0000] {dag.py:3823} INFO - Setting next_dagrun for bixi_main_dag to 2025-04-30 00:00:00+00:00, run_after=2025-05-01 00:00:00+00:00
[2025-04-30T20:27:29.849+0000] {processor.py:183} INFO - Processing /opt/airflow/dags/bixi_main_dag.py took 0.238 seconds
[2025-04-30T20:27:59.957+0000] {processor.py:161} INFO - Started process (PID=244) to work on /opt/airflow/dags/bixi_main_dag.py
[2025-04-30T20:27:59.958+0000] {processor.py:830} INFO - Processing file /opt/airflow/dags/bixi_main_dag.py for tasks to queue
[2025-04-30T20:27:59.959+0000] {logging_mixin.py:188} INFO - [2025-04-30T20:27:59.959+0000] {dagbag.py:538} INFO - Filling up the DagBag from /opt/airflow/dags/bixi_main_dag.py
[2025-04-30T20:28:00.165+0000] {processor.py:840} INFO - DAG(s) 'bixi_main_dag' retrieved from /opt/airflow/dags/bixi_main_dag.py
[2025-04-30T20:28:00.186+0000] {logging_mixin.py:188} INFO - [2025-04-30T20:28:00.186+0000] {dag.py:3036} INFO - Sync 1 DAGs
[2025-04-30T20:28:00.202+0000] {logging_mixin.py:188} INFO - [2025-04-30T20:28:00.202+0000] {dag.py:3823} INFO - Setting next_dagrun for bixi_main_dag to 2025-04-30 00:00:00+00:00, run_after=2025-05-01 00:00:00+00:00
[2025-04-30T20:28:00.212+0000] {processor.py:183} INFO - Processing /opt/airflow/dags/bixi_main_dag.py took 0.258 seconds
[2025-04-30T20:28:30.318+0000] {processor.py:161} INFO - Started process (PID=250) to work on /opt/airflow/dags/bixi_main_dag.py
[2025-04-30T20:28:30.319+0000] {processor.py:830} INFO - Processing file /opt/airflow/dags/bixi_main_dag.py for tasks to queue
[2025-04-30T20:28:30.320+0000] {logging_mixin.py:188} INFO - [2025-04-30T20:28:30.319+0000] {dagbag.py:538} INFO - Filling up the DagBag from /opt/airflow/dags/bixi_main_dag.py
[2025-04-30T20:28:30.520+0000] {processor.py:840} INFO - DAG(s) 'bixi_main_dag' retrieved from /opt/airflow/dags/bixi_main_dag.py
[2025-04-30T20:28:30.545+0000] {logging_mixin.py:188} INFO - [2025-04-30T20:28:30.545+0000] {dag.py:3036} INFO - Sync 1 DAGs
[2025-04-30T20:28:30.559+0000] {logging_mixin.py:188} INFO - [2025-04-30T20:28:30.559+0000] {dag.py:3823} INFO - Setting next_dagrun for bixi_main_dag to 2025-04-30 00:00:00+00:00, run_after=2025-05-01 00:00:00+00:00
[2025-04-30T20:28:30.570+0000] {processor.py:183} INFO - Processing /opt/airflow/dags/bixi_main_dag.py took 0.257 seconds
[2025-04-30T20:49:16.932+0000] {processor.py:161} INFO - Started process (PID=256) to work on /opt/airflow/dags/bixi_main_dag.py
[2025-04-30T20:49:16.936+0000] {processor.py:830} INFO - Processing file /opt/airflow/dags/bixi_main_dag.py for tasks to queue
[2025-04-30T20:49:16.941+0000] {logging_mixin.py:188} INFO - [2025-04-30T20:49:16.940+0000] {dagbag.py:538} INFO - Filling up the DagBag from /opt/airflow/dags/bixi_main_dag.py
[2025-04-30T20:49:18.117+0000] {processor.py:840} INFO - DAG(s) 'bixi_main_dag' retrieved from /opt/airflow/dags/bixi_main_dag.py
[2025-04-30T20:49:18.172+0000] {logging_mixin.py:188} INFO - [2025-04-30T20:49:18.172+0000] {dag.py:3036} INFO - Sync 1 DAGs
[2025-04-30T20:49:18.202+0000] {logging_mixin.py:188} INFO - [2025-04-30T20:49:18.202+0000] {dag.py:3823} INFO - Setting next_dagrun for bixi_main_dag to 2025-04-30 00:00:00+00:00, run_after=2025-05-01 00:00:00+00:00
[2025-04-30T20:49:18.215+0000] {processor.py:183} INFO - Processing /opt/airflow/dags/bixi_main_dag.py took 1.296 seconds
[2025-04-30T21:15:07.839+0000] {processor.py:161} INFO - Started process (PID=266) to work on /opt/airflow/dags/bixi_main_dag.py
[2025-04-30T21:15:07.843+0000] {processor.py:830} INFO - Processing file /opt/airflow/dags/bixi_main_dag.py for tasks to queue
[2025-04-30T21:15:07.844+0000] {logging_mixin.py:188} INFO - [2025-04-30T21:15:07.844+0000] {dagbag.py:538} INFO - Filling up the DagBag from /opt/airflow/dags/bixi_main_dag.py
[2025-04-30T21:15:08.427+0000] {processor.py:840} INFO - DAG(s) 'bixi_main_dag' retrieved from /opt/airflow/dags/bixi_main_dag.py
[2025-04-30T21:15:08.553+0000] {logging_mixin.py:188} INFO - [2025-04-30T21:15:08.552+0000] {dag.py:3036} INFO - Sync 1 DAGs
[2025-04-30T21:15:08.588+0000] {logging_mixin.py:188} INFO - [2025-04-30T21:15:08.587+0000] {dag.py:3823} INFO - Setting next_dagrun for bixi_main_dag to 2025-04-30 00:00:00+00:00, run_after=2025-05-01 00:00:00+00:00
[2025-04-30T21:15:08.606+0000] {processor.py:183} INFO - Processing /opt/airflow/dags/bixi_main_dag.py took 0.786 seconds
[2025-04-30T21:23:25.004+0000] {processor.py:161} INFO - Started process (PID=273) to work on /opt/airflow/dags/bixi_main_dag.py
[2025-04-30T21:23:25.010+0000] {processor.py:830} INFO - Processing file /opt/airflow/dags/bixi_main_dag.py for tasks to queue
[2025-04-30T21:23:25.013+0000] {logging_mixin.py:188} INFO - [2025-04-30T21:23:25.013+0000] {dagbag.py:538} INFO - Filling up the DagBag from /opt/airflow/dags/bixi_main_dag.py
[2025-04-30T21:23:25.615+0000] {processor.py:840} INFO - DAG(s) 'bixi_main_dag' retrieved from /opt/airflow/dags/bixi_main_dag.py
[2025-04-30T21:23:25.695+0000] {logging_mixin.py:188} INFO - [2025-04-30T21:23:25.694+0000] {dag.py:3036} INFO - Sync 1 DAGs
[2025-04-30T21:23:25.808+0000] {logging_mixin.py:188} INFO - [2025-04-30T21:23:25.807+0000] {dag.py:3823} INFO - Setting next_dagrun for bixi_main_dag to 2025-04-30 00:00:00+00:00, run_after=2025-05-01 00:00:00+00:00
[2025-04-30T21:23:25.823+0000] {processor.py:183} INFO - Processing /opt/airflow/dags/bixi_main_dag.py took 0.836 seconds
[2025-04-30T21:23:56.127+0000] {processor.py:161} INFO - Started process (PID=279) to work on /opt/airflow/dags/bixi_main_dag.py
[2025-04-30T21:23:56.130+0000] {processor.py:830} INFO - Processing file /opt/airflow/dags/bixi_main_dag.py for tasks to queue
[2025-04-30T21:23:56.132+0000] {logging_mixin.py:188} INFO - [2025-04-30T21:23:56.131+0000] {dagbag.py:538} INFO - Filling up the DagBag from /opt/airflow/dags/bixi_main_dag.py
[2025-04-30T21:23:56.686+0000] {processor.py:840} INFO - DAG(s) 'bixi_main_dag' retrieved from /opt/airflow/dags/bixi_main_dag.py
[2025-04-30T21:23:56.733+0000] {logging_mixin.py:188} INFO - [2025-04-30T21:23:56.732+0000] {dag.py:3036} INFO - Sync 1 DAGs
[2025-04-30T21:23:56.767+0000] {logging_mixin.py:188} INFO - [2025-04-30T21:23:56.767+0000] {dag.py:3823} INFO - Setting next_dagrun for bixi_main_dag to 2025-04-30 00:00:00+00:00, run_after=2025-05-01 00:00:00+00:00
[2025-04-30T21:23:56.794+0000] {processor.py:183} INFO - Processing /opt/airflow/dags/bixi_main_dag.py took 0.682 seconds
[2025-04-30T21:24:27.196+0000] {processor.py:161} INFO - Started process (PID=285) to work on /opt/airflow/dags/bixi_main_dag.py
[2025-04-30T21:24:27.197+0000] {processor.py:830} INFO - Processing file /opt/airflow/dags/bixi_main_dag.py for tasks to queue
[2025-04-30T21:24:27.198+0000] {logging_mixin.py:188} INFO - [2025-04-30T21:24:27.198+0000] {dagbag.py:538} INFO - Filling up the DagBag from /opt/airflow/dags/bixi_main_dag.py
[2025-04-30T21:24:27.394+0000] {processor.py:840} INFO - DAG(s) 'bixi_main_dag' retrieved from /opt/airflow/dags/bixi_main_dag.py
[2025-04-30T21:24:27.418+0000] {logging_mixin.py:188} INFO - [2025-04-30T21:24:27.418+0000] {dag.py:3036} INFO - Sync 1 DAGs
[2025-04-30T21:24:27.435+0000] {logging_mixin.py:188} INFO - [2025-04-30T21:24:27.435+0000] {dag.py:3823} INFO - Setting next_dagrun for bixi_main_dag to 2025-04-30 00:00:00+00:00, run_after=2025-05-01 00:00:00+00:00
[2025-04-30T21:24:27.446+0000] {processor.py:183} INFO - Processing /opt/airflow/dags/bixi_main_dag.py took 0.254 seconds
[2025-04-30T21:24:57.592+0000] {processor.py:161} INFO - Started process (PID=291) to work on /opt/airflow/dags/bixi_main_dag.py
[2025-04-30T21:24:57.594+0000] {processor.py:830} INFO - Processing file /opt/airflow/dags/bixi_main_dag.py for tasks to queue
[2025-04-30T21:24:57.595+0000] {logging_mixin.py:188} INFO - [2025-04-30T21:24:57.594+0000] {dagbag.py:538} INFO - Filling up the DagBag from /opt/airflow/dags/bixi_main_dag.py
[2025-04-30T21:24:57.786+0000] {processor.py:840} INFO - DAG(s) 'bixi_main_dag' retrieved from /opt/airflow/dags/bixi_main_dag.py
[2025-04-30T21:24:57.807+0000] {logging_mixin.py:188} INFO - [2025-04-30T21:24:57.806+0000] {dag.py:3036} INFO - Sync 1 DAGs
[2025-04-30T21:24:57.823+0000] {logging_mixin.py:188} INFO - [2025-04-30T21:24:57.823+0000] {dag.py:3823} INFO - Setting next_dagrun for bixi_main_dag to 2025-04-30 00:00:00+00:00, run_after=2025-05-01 00:00:00+00:00
[2025-04-30T21:24:57.834+0000] {processor.py:183} INFO - Processing /opt/airflow/dags/bixi_main_dag.py took 0.248 seconds
[2025-04-30T21:25:27.914+0000] {processor.py:161} INFO - Started process (PID=297) to work on /opt/airflow/dags/bixi_main_dag.py
[2025-04-30T21:25:27.918+0000] {processor.py:830} INFO - Processing file /opt/airflow/dags/bixi_main_dag.py for tasks to queue
[2025-04-30T21:25:27.919+0000] {logging_mixin.py:188} INFO - [2025-04-30T21:25:27.919+0000] {dagbag.py:538} INFO - Filling up the DagBag from /opt/airflow/dags/bixi_main_dag.py
[2025-04-30T21:25:28.143+0000] {processor.py:840} INFO - DAG(s) 'bixi_main_dag' retrieved from /opt/airflow/dags/bixi_main_dag.py
[2025-04-30T21:25:28.163+0000] {logging_mixin.py:188} INFO - [2025-04-30T21:25:28.163+0000] {dag.py:3036} INFO - Sync 1 DAGs
[2025-04-30T21:25:28.178+0000] {logging_mixin.py:188} INFO - [2025-04-30T21:25:28.178+0000] {dag.py:3823} INFO - Setting next_dagrun for bixi_main_dag to 2025-04-30 00:00:00+00:00, run_after=2025-05-01 00:00:00+00:00
[2025-04-30T21:25:28.189+0000] {processor.py:183} INFO - Processing /opt/airflow/dags/bixi_main_dag.py took 0.286 seconds
[2025-04-30T21:25:58.313+0000] {processor.py:161} INFO - Started process (PID=303) to work on /opt/airflow/dags/bixi_main_dag.py
[2025-04-30T21:25:58.315+0000] {processor.py:830} INFO - Processing file /opt/airflow/dags/bixi_main_dag.py for tasks to queue
[2025-04-30T21:25:58.316+0000] {logging_mixin.py:188} INFO - [2025-04-30T21:25:58.315+0000] {dagbag.py:538} INFO - Filling up the DagBag from /opt/airflow/dags/bixi_main_dag.py
[2025-04-30T21:25:58.527+0000] {processor.py:840} INFO - DAG(s) 'bixi_main_dag' retrieved from /opt/airflow/dags/bixi_main_dag.py
[2025-04-30T21:25:58.549+0000] {logging_mixin.py:188} INFO - [2025-04-30T21:25:58.549+0000] {dag.py:3036} INFO - Sync 1 DAGs
[2025-04-30T21:25:58.567+0000] {logging_mixin.py:188} INFO - [2025-04-30T21:25:58.567+0000] {dag.py:3823} INFO - Setting next_dagrun for bixi_main_dag to 2025-04-30 00:00:00+00:00, run_after=2025-05-01 00:00:00+00:00
[2025-04-30T21:25:58.578+0000] {processor.py:183} INFO - Processing /opt/airflow/dags/bixi_main_dag.py took 0.271 seconds
[2025-04-30T21:26:28.673+0000] {processor.py:161} INFO - Started process (PID=309) to work on /opt/airflow/dags/bixi_main_dag.py
[2025-04-30T21:26:28.675+0000] {processor.py:830} INFO - Processing file /opt/airflow/dags/bixi_main_dag.py for tasks to queue
[2025-04-30T21:26:28.677+0000] {logging_mixin.py:188} INFO - [2025-04-30T21:26:28.676+0000] {dagbag.py:538} INFO - Filling up the DagBag from /opt/airflow/dags/bixi_main_dag.py
[2025-04-30T21:26:28.859+0000] {processor.py:840} INFO - DAG(s) 'bixi_main_dag' retrieved from /opt/airflow/dags/bixi_main_dag.py
[2025-04-30T21:26:28.888+0000] {logging_mixin.py:188} INFO - [2025-04-30T21:26:28.887+0000] {dag.py:3036} INFO - Sync 1 DAGs
[2025-04-30T21:26:28.909+0000] {logging_mixin.py:188} INFO - [2025-04-30T21:26:28.909+0000] {dag.py:3823} INFO - Setting next_dagrun for bixi_main_dag to 2025-04-30 00:00:00+00:00, run_after=2025-05-01 00:00:00+00:00
[2025-04-30T21:26:28.925+0000] {processor.py:183} INFO - Processing /opt/airflow/dags/bixi_main_dag.py took 0.258 seconds
[2025-04-30T21:26:59.037+0000] {processor.py:161} INFO - Started process (PID=315) to work on /opt/airflow/dags/bixi_main_dag.py
[2025-04-30T21:26:59.038+0000] {processor.py:830} INFO - Processing file /opt/airflow/dags/bixi_main_dag.py for tasks to queue
[2025-04-30T21:26:59.039+0000] {logging_mixin.py:188} INFO - [2025-04-30T21:26:59.039+0000] {dagbag.py:538} INFO - Filling up the DagBag from /opt/airflow/dags/bixi_main_dag.py
[2025-04-30T21:26:59.278+0000] {processor.py:840} INFO - DAG(s) 'bixi_main_dag' retrieved from /opt/airflow/dags/bixi_main_dag.py
[2025-04-30T21:26:59.309+0000] {logging_mixin.py:188} INFO - [2025-04-30T21:26:59.308+0000] {dag.py:3036} INFO - Sync 1 DAGs
[2025-04-30T21:26:59.329+0000] {logging_mixin.py:188} INFO - [2025-04-30T21:26:59.329+0000] {dag.py:3823} INFO - Setting next_dagrun for bixi_main_dag to 2025-04-30 00:00:00+00:00, run_after=2025-05-01 00:00:00+00:00
[2025-04-30T21:26:59.342+0000] {processor.py:183} INFO - Processing /opt/airflow/dags/bixi_main_dag.py took 0.310 seconds
[2025-04-30T21:27:28.424+0000] {processor.py:161} INFO - Started process (PID=321) to work on /opt/airflow/dags/bixi_main_dag.py
[2025-04-30T21:27:28.428+0000] {processor.py:830} INFO - Processing file /opt/airflow/dags/bixi_main_dag.py for tasks to queue
[2025-04-30T21:27:28.435+0000] {logging_mixin.py:188} INFO - [2025-04-30T21:27:28.432+0000] {dagbag.py:538} INFO - Filling up the DagBag from /opt/airflow/dags/bixi_main_dag.py
[2025-04-30T21:27:28.775+0000] {processor.py:840} INFO - DAG(s) 'bixi_main_dag' retrieved from /opt/airflow/dags/bixi_main_dag.py
[2025-04-30T21:27:28.835+0000] {logging_mixin.py:188} INFO - [2025-04-30T21:27:28.835+0000] {dag.py:3036} INFO - Sync 1 DAGs
[2025-04-30T21:27:28.875+0000] {logging_mixin.py:188} INFO - [2025-04-30T21:27:28.875+0000] {dag.py:3823} INFO - Setting next_dagrun for bixi_main_dag to 2025-04-30 00:00:00+00:00, run_after=2025-05-01 00:00:00+00:00
[2025-04-30T21:27:28.894+0000] {processor.py:183} INFO - Processing /opt/airflow/dags/bixi_main_dag.py took 0.481 seconds
[2025-04-30T21:27:47.342+0000] {processor.py:161} INFO - Started process (PID=167) to work on /opt/airflow/dags/bixi_main_dag.py
[2025-04-30T21:27:47.343+0000] {processor.py:830} INFO - Processing file /opt/airflow/dags/bixi_main_dag.py for tasks to queue
[2025-04-30T21:27:47.343+0000] {logging_mixin.py:188} INFO - [2025-04-30T21:27:47.343+0000] {dagbag.py:538} INFO - Filling up the DagBag from /opt/airflow/dags/bixi_main_dag.py
[2025-04-30T21:27:47.512+0000] {processor.py:840} INFO - DAG(s) 'bixi_main_dag' retrieved from /opt/airflow/dags/bixi_main_dag.py
[2025-04-30T21:27:47.539+0000] {logging_mixin.py:188} INFO - [2025-04-30T21:27:47.539+0000] {dag.py:3036} INFO - Sync 1 DAGs
[2025-04-30T21:27:47.572+0000] {logging_mixin.py:188} INFO - [2025-04-30T21:27:47.572+0000] {dag.py:3823} INFO - Setting next_dagrun for bixi_main_dag to 2025-04-30 00:00:00+00:00, run_after=2025-05-01 00:00:00+00:00
[2025-04-30T21:27:47.589+0000] {processor.py:183} INFO - Processing /opt/airflow/dags/bixi_main_dag.py took 0.249 seconds
[2025-04-30T21:28:17.775+0000] {processor.py:161} INFO - Started process (PID=173) to work on /opt/airflow/dags/bixi_main_dag.py
[2025-04-30T21:28:17.777+0000] {processor.py:830} INFO - Processing file /opt/airflow/dags/bixi_main_dag.py for tasks to queue
[2025-04-30T21:28:17.778+0000] {logging_mixin.py:188} INFO - [2025-04-30T21:28:17.778+0000] {dagbag.py:538} INFO - Filling up the DagBag from /opt/airflow/dags/bixi_main_dag.py
[2025-04-30T21:28:18.373+0000] {processor.py:840} INFO - DAG(s) 'bixi_main_dag' retrieved from /opt/airflow/dags/bixi_main_dag.py
[2025-04-30T21:28:18.698+0000] {logging_mixin.py:188} INFO - [2025-04-30T21:28:18.698+0000] {dag.py:3036} INFO - Sync 1 DAGs
[2025-04-30T21:28:18.740+0000] {logging_mixin.py:188} INFO - [2025-04-30T21:28:18.740+0000] {dag.py:3823} INFO - Setting next_dagrun for bixi_main_dag to 2025-04-30 00:00:00+00:00, run_after=2025-05-01 00:00:00+00:00
[2025-04-30T21:28:18.756+0000] {processor.py:183} INFO - Processing /opt/airflow/dags/bixi_main_dag.py took 0.991 seconds
[2025-04-30T21:28:49.016+0000] {processor.py:161} INFO - Started process (PID=182) to work on /opt/airflow/dags/bixi_main_dag.py
[2025-04-30T21:28:49.018+0000] {processor.py:830} INFO - Processing file /opt/airflow/dags/bixi_main_dag.py for tasks to queue
[2025-04-30T21:28:49.019+0000] {logging_mixin.py:188} INFO - [2025-04-30T21:28:49.019+0000] {dagbag.py:538} INFO - Filling up the DagBag from /opt/airflow/dags/bixi_main_dag.py
[2025-04-30T21:28:49.484+0000] {processor.py:840} INFO - DAG(s) 'bixi_main_dag' retrieved from /opt/airflow/dags/bixi_main_dag.py
[2025-04-30T21:28:49.530+0000] {logging_mixin.py:188} INFO - [2025-04-30T21:28:49.530+0000] {dag.py:3036} INFO - Sync 1 DAGs
[2025-04-30T21:28:49.557+0000] {logging_mixin.py:188} INFO - [2025-04-30T21:28:49.557+0000] {dag.py:3823} INFO - Setting next_dagrun for bixi_main_dag to 2025-04-30 00:00:00+00:00, run_after=2025-05-01 00:00:00+00:00
[2025-04-30T21:28:49.568+0000] {processor.py:183} INFO - Processing /opt/airflow/dags/bixi_main_dag.py took 0.555 seconds
[2025-04-30T21:29:19.807+0000] {processor.py:161} INFO - Started process (PID=188) to work on /opt/airflow/dags/bixi_main_dag.py
[2025-04-30T21:29:19.811+0000] {processor.py:830} INFO - Processing file /opt/airflow/dags/bixi_main_dag.py for tasks to queue
[2025-04-30T21:29:19.812+0000] {logging_mixin.py:188} INFO - [2025-04-30T21:29:19.811+0000] {dagbag.py:538} INFO - Filling up the DagBag from /opt/airflow/dags/bixi_main_dag.py
[2025-04-30T21:29:20.088+0000] {processor.py:840} INFO - DAG(s) 'bixi_main_dag' retrieved from /opt/airflow/dags/bixi_main_dag.py
[2025-04-30T21:29:20.115+0000] {logging_mixin.py:188} INFO - [2025-04-30T21:29:20.115+0000] {dag.py:3036} INFO - Sync 1 DAGs
[2025-04-30T21:29:20.129+0000] {logging_mixin.py:188} INFO - [2025-04-30T21:29:20.129+0000] {dag.py:3823} INFO - Setting next_dagrun for bixi_main_dag to 2025-04-30 00:00:00+00:00, run_after=2025-05-01 00:00:00+00:00
[2025-04-30T21:29:20.137+0000] {processor.py:183} INFO - Processing /opt/airflow/dags/bixi_main_dag.py took 0.335 seconds
[2025-04-30T21:29:50.336+0000] {processor.py:161} INFO - Started process (PID=194) to work on /opt/airflow/dags/bixi_main_dag.py
[2025-04-30T21:29:50.337+0000] {processor.py:830} INFO - Processing file /opt/airflow/dags/bixi_main_dag.py for tasks to queue
[2025-04-30T21:29:50.338+0000] {logging_mixin.py:188} INFO - [2025-04-30T21:29:50.338+0000] {dagbag.py:538} INFO - Filling up the DagBag from /opt/airflow/dags/bixi_main_dag.py
[2025-04-30T21:29:50.491+0000] {processor.py:840} INFO - DAG(s) 'bixi_main_dag' retrieved from /opt/airflow/dags/bixi_main_dag.py
[2025-04-30T21:29:50.510+0000] {logging_mixin.py:188} INFO - [2025-04-30T21:29:50.510+0000] {dag.py:3036} INFO - Sync 1 DAGs
[2025-04-30T21:29:50.522+0000] {logging_mixin.py:188} INFO - [2025-04-30T21:29:50.522+0000] {dag.py:3823} INFO - Setting next_dagrun for bixi_main_dag to 2025-04-30 00:00:00+00:00, run_after=2025-05-01 00:00:00+00:00
[2025-04-30T21:29:50.531+0000] {processor.py:183} INFO - Processing /opt/airflow/dags/bixi_main_dag.py took 0.198 seconds
[2025-04-30T21:30:20.705+0000] {processor.py:161} INFO - Started process (PID=200) to work on /opt/airflow/dags/bixi_main_dag.py
[2025-04-30T21:30:20.707+0000] {processor.py:830} INFO - Processing file /opt/airflow/dags/bixi_main_dag.py for tasks to queue
[2025-04-30T21:30:20.710+0000] {logging_mixin.py:188} INFO - [2025-04-30T21:30:20.709+0000] {dagbag.py:538} INFO - Filling up the DagBag from /opt/airflow/dags/bixi_main_dag.py
[2025-04-30T21:30:21.091+0000] {processor.py:840} INFO - DAG(s) 'bixi_main_dag' retrieved from /opt/airflow/dags/bixi_main_dag.py
[2025-04-30T21:30:21.118+0000] {logging_mixin.py:188} INFO - [2025-04-30T21:30:21.117+0000] {dag.py:3036} INFO - Sync 1 DAGs
[2025-04-30T21:30:21.139+0000] {logging_mixin.py:188} INFO - [2025-04-30T21:30:21.139+0000] {dag.py:3823} INFO - Setting next_dagrun for bixi_main_dag to 2025-04-30 00:00:00+00:00, run_after=2025-05-01 00:00:00+00:00
[2025-04-30T21:30:21.156+0000] {processor.py:183} INFO - Processing /opt/airflow/dags/bixi_main_dag.py took 0.472 seconds
[2025-04-30T21:30:51.552+0000] {processor.py:161} INFO - Started process (PID=206) to work on /opt/airflow/dags/bixi_main_dag.py
[2025-04-30T21:30:51.554+0000] {processor.py:830} INFO - Processing file /opt/airflow/dags/bixi_main_dag.py for tasks to queue
[2025-04-30T21:30:51.555+0000] {logging_mixin.py:188} INFO - [2025-04-30T21:30:51.554+0000] {dagbag.py:538} INFO - Filling up the DagBag from /opt/airflow/dags/bixi_main_dag.py
[2025-04-30T21:30:51.796+0000] {processor.py:840} INFO - DAG(s) 'bixi_main_dag' retrieved from /opt/airflow/dags/bixi_main_dag.py
[2025-04-30T21:30:51.834+0000] {logging_mixin.py:188} INFO - [2025-04-30T21:30:51.834+0000] {dag.py:3036} INFO - Sync 1 DAGs
[2025-04-30T21:30:51.849+0000] {logging_mixin.py:188} INFO - [2025-04-30T21:30:51.849+0000] {dag.py:3823} INFO - Setting next_dagrun for bixi_main_dag to 2025-04-30 00:00:00+00:00, run_after=2025-05-01 00:00:00+00:00
[2025-04-30T21:30:51.858+0000] {processor.py:183} INFO - Processing /opt/airflow/dags/bixi_main_dag.py took 0.313 seconds
[2025-04-30T21:31:22.099+0000] {processor.py:161} INFO - Started process (PID=212) to work on /opt/airflow/dags/bixi_main_dag.py
[2025-04-30T21:31:22.101+0000] {processor.py:830} INFO - Processing file /opt/airflow/dags/bixi_main_dag.py for tasks to queue
[2025-04-30T21:31:22.102+0000] {logging_mixin.py:188} INFO - [2025-04-30T21:31:22.101+0000] {dagbag.py:538} INFO - Filling up the DagBag from /opt/airflow/dags/bixi_main_dag.py
[2025-04-30T21:31:22.304+0000] {processor.py:840} INFO - DAG(s) 'bixi_main_dag' retrieved from /opt/airflow/dags/bixi_main_dag.py
[2025-04-30T21:31:22.336+0000] {logging_mixin.py:188} INFO - [2025-04-30T21:31:22.336+0000] {dag.py:3036} INFO - Sync 1 DAGs
[2025-04-30T21:31:22.352+0000] {logging_mixin.py:188} INFO - [2025-04-30T21:31:22.352+0000] {dag.py:3823} INFO - Setting next_dagrun for bixi_main_dag to 2025-04-30 00:00:00+00:00, run_after=2025-05-01 00:00:00+00:00
[2025-04-30T21:31:22.364+0000] {processor.py:183} INFO - Processing /opt/airflow/dags/bixi_main_dag.py took 0.271 seconds
[2025-04-30T21:31:52.579+0000] {processor.py:161} INFO - Started process (PID=218) to work on /opt/airflow/dags/bixi_main_dag.py
[2025-04-30T21:31:52.581+0000] {processor.py:830} INFO - Processing file /opt/airflow/dags/bixi_main_dag.py for tasks to queue
[2025-04-30T21:31:52.582+0000] {logging_mixin.py:188} INFO - [2025-04-30T21:31:52.581+0000] {dagbag.py:538} INFO - Filling up the DagBag from /opt/airflow/dags/bixi_main_dag.py
[2025-04-30T21:31:52.765+0000] {processor.py:840} INFO - DAG(s) 'bixi_main_dag' retrieved from /opt/airflow/dags/bixi_main_dag.py
[2025-04-30T21:31:52.787+0000] {logging_mixin.py:188} INFO - [2025-04-30T21:31:52.786+0000] {dag.py:3036} INFO - Sync 1 DAGs
[2025-04-30T21:31:52.800+0000] {logging_mixin.py:188} INFO - [2025-04-30T21:31:52.800+0000] {dag.py:3823} INFO - Setting next_dagrun for bixi_main_dag to 2025-04-30 00:00:00+00:00, run_after=2025-05-01 00:00:00+00:00
[2025-04-30T21:31:52.809+0000] {processor.py:183} INFO - Processing /opt/airflow/dags/bixi_main_dag.py took 0.235 seconds
[2025-04-30T21:32:22.833+0000] {processor.py:161} INFO - Started process (PID=224) to work on /opt/airflow/dags/bixi_main_dag.py
[2025-04-30T21:32:22.834+0000] {processor.py:830} INFO - Processing file /opt/airflow/dags/bixi_main_dag.py for tasks to queue
[2025-04-30T21:32:22.834+0000] {logging_mixin.py:188} INFO - [2025-04-30T21:32:22.834+0000] {dagbag.py:538} INFO - Filling up the DagBag from /opt/airflow/dags/bixi_main_dag.py
[2025-04-30T21:32:22.990+0000] {processor.py:840} INFO - DAG(s) 'bixi_main_dag' retrieved from /opt/airflow/dags/bixi_main_dag.py
[2025-04-30T21:32:23.011+0000] {logging_mixin.py:188} INFO - [2025-04-30T21:32:23.011+0000] {dag.py:3036} INFO - Sync 1 DAGs
[2025-04-30T21:32:23.028+0000] {logging_mixin.py:188} INFO - [2025-04-30T21:32:23.028+0000] {dag.py:3823} INFO - Setting next_dagrun for bixi_main_dag to 2025-04-30 00:00:00+00:00, run_after=2025-05-01 00:00:00+00:00
[2025-04-30T21:32:23.037+0000] {processor.py:183} INFO - Processing /opt/airflow/dags/bixi_main_dag.py took 0.207 seconds
[2025-04-30T21:32:53.211+0000] {processor.py:161} INFO - Started process (PID=230) to work on /opt/airflow/dags/bixi_main_dag.py
[2025-04-30T21:32:53.212+0000] {processor.py:830} INFO - Processing file /opt/airflow/dags/bixi_main_dag.py for tasks to queue
[2025-04-30T21:32:53.212+0000] {logging_mixin.py:188} INFO - [2025-04-30T21:32:53.212+0000] {dagbag.py:538} INFO - Filling up the DagBag from /opt/airflow/dags/bixi_main_dag.py
[2025-04-30T21:32:53.370+0000] {processor.py:840} INFO - DAG(s) 'bixi_main_dag' retrieved from /opt/airflow/dags/bixi_main_dag.py
[2025-04-30T21:32:53.392+0000] {logging_mixin.py:188} INFO - [2025-04-30T21:32:53.392+0000] {dag.py:3036} INFO - Sync 1 DAGs
[2025-04-30T21:32:53.406+0000] {logging_mixin.py:188} INFO - [2025-04-30T21:32:53.406+0000] {dag.py:3823} INFO - Setting next_dagrun for bixi_main_dag to 2025-04-30 00:00:00+00:00, run_after=2025-05-01 00:00:00+00:00
[2025-04-30T21:32:53.416+0000] {processor.py:183} INFO - Processing /opt/airflow/dags/bixi_main_dag.py took 0.208 seconds
[2025-04-30T21:33:23.508+0000] {processor.py:161} INFO - Started process (PID=236) to work on /opt/airflow/dags/bixi_main_dag.py
[2025-04-30T21:33:23.510+0000] {processor.py:830} INFO - Processing file /opt/airflow/dags/bixi_main_dag.py for tasks to queue
[2025-04-30T21:33:23.511+0000] {logging_mixin.py:188} INFO - [2025-04-30T21:33:23.510+0000] {dagbag.py:538} INFO - Filling up the DagBag from /opt/airflow/dags/bixi_main_dag.py
[2025-04-30T21:33:23.704+0000] {processor.py:840} INFO - DAG(s) 'bixi_main_dag' retrieved from /opt/airflow/dags/bixi_main_dag.py
[2025-04-30T21:33:23.726+0000] {logging_mixin.py:188} INFO - [2025-04-30T21:33:23.726+0000] {dag.py:3036} INFO - Sync 1 DAGs
[2025-04-30T21:33:23.741+0000] {logging_mixin.py:188} INFO - [2025-04-30T21:33:23.741+0000] {dag.py:3823} INFO - Setting next_dagrun for bixi_main_dag to 2025-04-30 00:00:00+00:00, run_after=2025-05-01 00:00:00+00:00
[2025-04-30T21:33:23.751+0000] {processor.py:183} INFO - Processing /opt/airflow/dags/bixi_main_dag.py took 0.250 seconds
[2025-04-30T21:33:53.817+0000] {processor.py:161} INFO - Started process (PID=242) to work on /opt/airflow/dags/bixi_main_dag.py
[2025-04-30T21:33:53.818+0000] {processor.py:830} INFO - Processing file /opt/airflow/dags/bixi_main_dag.py for tasks to queue
[2025-04-30T21:33:53.819+0000] {logging_mixin.py:188} INFO - [2025-04-30T21:33:53.819+0000] {dagbag.py:538} INFO - Filling up the DagBag from /opt/airflow/dags/bixi_main_dag.py
[2025-04-30T21:33:53.978+0000] {processor.py:840} INFO - DAG(s) 'bixi_main_dag' retrieved from /opt/airflow/dags/bixi_main_dag.py
[2025-04-30T21:33:53.999+0000] {logging_mixin.py:188} INFO - [2025-04-30T21:33:53.999+0000] {dag.py:3036} INFO - Sync 1 DAGs
[2025-04-30T21:33:54.012+0000] {logging_mixin.py:188} INFO - [2025-04-30T21:33:54.012+0000] {dag.py:3823} INFO - Setting next_dagrun for bixi_main_dag to 2025-04-30 00:00:00+00:00, run_after=2025-05-01 00:00:00+00:00
[2025-04-30T21:33:54.021+0000] {processor.py:183} INFO - Processing /opt/airflow/dags/bixi_main_dag.py took 0.207 seconds
[2025-04-30T21:34:24.300+0000] {processor.py:161} INFO - Started process (PID=248) to work on /opt/airflow/dags/bixi_main_dag.py
[2025-04-30T21:34:24.303+0000] {processor.py:830} INFO - Processing file /opt/airflow/dags/bixi_main_dag.py for tasks to queue
[2025-04-30T21:34:24.304+0000] {logging_mixin.py:188} INFO - [2025-04-30T21:34:24.303+0000] {dagbag.py:538} INFO - Filling up the DagBag from /opt/airflow/dags/bixi_main_dag.py
[2025-04-30T21:34:24.480+0000] {processor.py:840} INFO - DAG(s) 'bixi_main_dag' retrieved from /opt/airflow/dags/bixi_main_dag.py
[2025-04-30T21:34:24.506+0000] {logging_mixin.py:188} INFO - [2025-04-30T21:34:24.506+0000] {dag.py:3036} INFO - Sync 1 DAGs
[2025-04-30T21:34:24.521+0000] {logging_mixin.py:188} INFO - [2025-04-30T21:34:24.521+0000] {dag.py:3823} INFO - Setting next_dagrun for bixi_main_dag to 2025-04-30 00:00:00+00:00, run_after=2025-05-01 00:00:00+00:00
[2025-04-30T21:34:24.532+0000] {processor.py:183} INFO - Processing /opt/airflow/dags/bixi_main_dag.py took 0.242 seconds
[2025-04-30T21:34:54.814+0000] {processor.py:161} INFO - Started process (PID=254) to work on /opt/airflow/dags/bixi_main_dag.py
[2025-04-30T21:34:54.816+0000] {processor.py:830} INFO - Processing file /opt/airflow/dags/bixi_main_dag.py for tasks to queue
[2025-04-30T21:34:54.817+0000] {logging_mixin.py:188} INFO - [2025-04-30T21:34:54.816+0000] {dagbag.py:538} INFO - Filling up the DagBag from /opt/airflow/dags/bixi_main_dag.py
[2025-04-30T21:34:55.074+0000] {processor.py:840} INFO - DAG(s) 'bixi_main_dag' retrieved from /opt/airflow/dags/bixi_main_dag.py
[2025-04-30T21:34:55.113+0000] {logging_mixin.py:188} INFO - [2025-04-30T21:34:55.110+0000] {dag.py:3036} INFO - Sync 1 DAGs
[2025-04-30T21:34:55.137+0000] {logging_mixin.py:188} INFO - [2025-04-30T21:34:55.137+0000] {dag.py:3823} INFO - Setting next_dagrun for bixi_main_dag to 2025-04-30 00:00:00+00:00, run_after=2025-05-01 00:00:00+00:00
[2025-04-30T21:34:55.153+0000] {processor.py:183} INFO - Processing /opt/airflow/dags/bixi_main_dag.py took 0.345 seconds
[2025-04-30T21:35:25.412+0000] {processor.py:161} INFO - Started process (PID=260) to work on /opt/airflow/dags/bixi_main_dag.py
[2025-04-30T21:35:25.414+0000] {processor.py:830} INFO - Processing file /opt/airflow/dags/bixi_main_dag.py for tasks to queue
[2025-04-30T21:35:25.415+0000] {logging_mixin.py:188} INFO - [2025-04-30T21:35:25.415+0000] {dagbag.py:538} INFO - Filling up the DagBag from /opt/airflow/dags/bixi_main_dag.py
[2025-04-30T21:35:25.615+0000] {processor.py:840} INFO - DAG(s) 'bixi_main_dag' retrieved from /opt/airflow/dags/bixi_main_dag.py
[2025-04-30T21:35:25.637+0000] {logging_mixin.py:188} INFO - [2025-04-30T21:35:25.637+0000] {dag.py:3036} INFO - Sync 1 DAGs
[2025-04-30T21:35:25.651+0000] {logging_mixin.py:188} INFO - [2025-04-30T21:35:25.651+0000] {dag.py:3823} INFO - Setting next_dagrun for bixi_main_dag to 2025-04-30 00:00:00+00:00, run_after=2025-05-01 00:00:00+00:00
[2025-04-30T21:35:25.659+0000] {processor.py:183} INFO - Processing /opt/airflow/dags/bixi_main_dag.py took 0.254 seconds
[2025-04-30T21:35:55.838+0000] {processor.py:161} INFO - Started process (PID=266) to work on /opt/airflow/dags/bixi_main_dag.py
[2025-04-30T21:35:55.840+0000] {processor.py:830} INFO - Processing file /opt/airflow/dags/bixi_main_dag.py for tasks to queue
[2025-04-30T21:35:55.840+0000] {logging_mixin.py:188} INFO - [2025-04-30T21:35:55.840+0000] {dagbag.py:538} INFO - Filling up the DagBag from /opt/airflow/dags/bixi_main_dag.py
[2025-04-30T21:35:56.007+0000] {processor.py:840} INFO - DAG(s) 'bixi_main_dag' retrieved from /opt/airflow/dags/bixi_main_dag.py
[2025-04-30T21:35:56.031+0000] {logging_mixin.py:188} INFO - [2025-04-30T21:35:56.031+0000] {dag.py:3036} INFO - Sync 1 DAGs
[2025-04-30T21:35:56.046+0000] {logging_mixin.py:188} INFO - [2025-04-30T21:35:56.046+0000] {dag.py:3823} INFO - Setting next_dagrun for bixi_main_dag to 2025-04-30 00:00:00+00:00, run_after=2025-05-01 00:00:00+00:00
[2025-04-30T21:35:56.058+0000] {processor.py:183} INFO - Processing /opt/airflow/dags/bixi_main_dag.py took 0.223 seconds
[2025-04-30T21:36:26.176+0000] {processor.py:161} INFO - Started process (PID=272) to work on /opt/airflow/dags/bixi_main_dag.py
[2025-04-30T21:36:26.183+0000] {processor.py:830} INFO - Processing file /opt/airflow/dags/bixi_main_dag.py for tasks to queue
[2025-04-30T21:36:26.185+0000] {logging_mixin.py:188} INFO - [2025-04-30T21:36:26.184+0000] {dagbag.py:538} INFO - Filling up the DagBag from /opt/airflow/dags/bixi_main_dag.py
[2025-04-30T21:36:26.544+0000] {processor.py:840} INFO - DAG(s) 'bixi_main_dag' retrieved from /opt/airflow/dags/bixi_main_dag.py
[2025-04-30T21:36:26.574+0000] {logging_mixin.py:188} INFO - [2025-04-30T21:36:26.573+0000] {dag.py:3036} INFO - Sync 1 DAGs
[2025-04-30T21:36:26.621+0000] {logging_mixin.py:188} INFO - [2025-04-30T21:36:26.620+0000] {dag.py:3823} INFO - Setting next_dagrun for bixi_main_dag to 2025-04-30 00:00:00+00:00, run_after=2025-05-01 00:00:00+00:00
[2025-04-30T21:36:26.639+0000] {processor.py:183} INFO - Processing /opt/airflow/dags/bixi_main_dag.py took 0.472 seconds
[2025-04-30T21:36:56.818+0000] {processor.py:161} INFO - Started process (PID=278) to work on /opt/airflow/dags/bixi_main_dag.py
[2025-04-30T21:36:56.819+0000] {processor.py:830} INFO - Processing file /opt/airflow/dags/bixi_main_dag.py for tasks to queue
[2025-04-30T21:36:56.820+0000] {logging_mixin.py:188} INFO - [2025-04-30T21:36:56.819+0000] {dagbag.py:538} INFO - Filling up the DagBag from /opt/airflow/dags/bixi_main_dag.py
[2025-04-30T21:36:57.001+0000] {processor.py:840} INFO - DAG(s) 'bixi_main_dag' retrieved from /opt/airflow/dags/bixi_main_dag.py
[2025-04-30T21:36:57.024+0000] {logging_mixin.py:188} INFO - [2025-04-30T21:36:57.024+0000] {dag.py:3036} INFO - Sync 1 DAGs
[2025-04-30T21:36:57.044+0000] {logging_mixin.py:188} INFO - [2025-04-30T21:36:57.044+0000] {dag.py:3823} INFO - Setting next_dagrun for bixi_main_dag to 2025-04-30 00:00:00+00:00, run_after=2025-05-01 00:00:00+00:00
[2025-04-30T21:36:57.056+0000] {processor.py:183} INFO - Processing /opt/airflow/dags/bixi_main_dag.py took 0.242 seconds
[2025-04-30T21:37:27.318+0000] {processor.py:161} INFO - Started process (PID=284) to work on /opt/airflow/dags/bixi_main_dag.py
[2025-04-30T21:37:27.321+0000] {processor.py:830} INFO - Processing file /opt/airflow/dags/bixi_main_dag.py for tasks to queue
[2025-04-30T21:37:27.322+0000] {logging_mixin.py:188} INFO - [2025-04-30T21:37:27.322+0000] {dagbag.py:538} INFO - Filling up the DagBag from /opt/airflow/dags/bixi_main_dag.py
[2025-04-30T21:37:27.646+0000] {processor.py:840} INFO - DAG(s) 'bixi_main_dag' retrieved from /opt/airflow/dags/bixi_main_dag.py
[2025-04-30T21:37:27.677+0000] {logging_mixin.py:188} INFO - [2025-04-30T21:37:27.676+0000] {dag.py:3036} INFO - Sync 1 DAGs
[2025-04-30T21:37:27.695+0000] {logging_mixin.py:188} INFO - [2025-04-30T21:37:27.695+0000] {dag.py:3823} INFO - Setting next_dagrun for bixi_main_dag to 2025-04-30 00:00:00+00:00, run_after=2025-05-01 00:00:00+00:00
[2025-04-30T21:37:27.706+0000] {processor.py:183} INFO - Processing /opt/airflow/dags/bixi_main_dag.py took 0.402 seconds
[2025-04-30T21:37:57.938+0000] {processor.py:161} INFO - Started process (PID=290) to work on /opt/airflow/dags/bixi_main_dag.py
[2025-04-30T21:37:57.944+0000] {processor.py:830} INFO - Processing file /opt/airflow/dags/bixi_main_dag.py for tasks to queue
[2025-04-30T21:37:57.949+0000] {logging_mixin.py:188} INFO - [2025-04-30T21:37:57.946+0000] {dagbag.py:538} INFO - Filling up the DagBag from /opt/airflow/dags/bixi_main_dag.py
[2025-04-30T21:37:58.262+0000] {processor.py:840} INFO - DAG(s) 'bixi_main_dag' retrieved from /opt/airflow/dags/bixi_main_dag.py
[2025-04-30T21:37:58.293+0000] {logging_mixin.py:188} INFO - [2025-04-30T21:37:58.292+0000] {dag.py:3036} INFO - Sync 1 DAGs
[2025-04-30T21:37:58.316+0000] {logging_mixin.py:188} INFO - [2025-04-30T21:37:58.316+0000] {dag.py:3823} INFO - Setting next_dagrun for bixi_main_dag to 2025-04-30 00:00:00+00:00, run_after=2025-05-01 00:00:00+00:00
[2025-04-30T21:37:58.328+0000] {processor.py:183} INFO - Processing /opt/airflow/dags/bixi_main_dag.py took 0.406 seconds
[2025-04-30T21:38:28.597+0000] {processor.py:161} INFO - Started process (PID=296) to work on /opt/airflow/dags/bixi_main_dag.py
[2025-04-30T21:38:28.600+0000] {processor.py:830} INFO - Processing file /opt/airflow/dags/bixi_main_dag.py for tasks to queue
[2025-04-30T21:38:28.601+0000] {logging_mixin.py:188} INFO - [2025-04-30T21:38:28.600+0000] {dagbag.py:538} INFO - Filling up the DagBag from /opt/airflow/dags/bixi_main_dag.py
[2025-04-30T21:38:29.037+0000] {processor.py:840} INFO - DAG(s) 'bixi_main_dag' retrieved from /opt/airflow/dags/bixi_main_dag.py
[2025-04-30T21:38:29.067+0000] {logging_mixin.py:188} INFO - [2025-04-30T21:38:29.066+0000] {dag.py:3036} INFO - Sync 1 DAGs
[2025-04-30T21:38:29.093+0000] {logging_mixin.py:188} INFO - [2025-04-30T21:38:29.093+0000] {dag.py:3823} INFO - Setting next_dagrun for bixi_main_dag to 2025-04-30 00:00:00+00:00, run_after=2025-05-01 00:00:00+00:00
[2025-04-30T21:38:29.106+0000] {processor.py:183} INFO - Processing /opt/airflow/dags/bixi_main_dag.py took 0.512 seconds
[2025-04-30T21:38:59.378+0000] {processor.py:161} INFO - Started process (PID=302) to work on /opt/airflow/dags/bixi_main_dag.py
[2025-04-30T21:38:59.379+0000] {processor.py:830} INFO - Processing file /opt/airflow/dags/bixi_main_dag.py for tasks to queue
[2025-04-30T21:38:59.380+0000] {logging_mixin.py:188} INFO - [2025-04-30T21:38:59.379+0000] {dagbag.py:538} INFO - Filling up the DagBag from /opt/airflow/dags/bixi_main_dag.py
[2025-04-30T21:38:59.746+0000] {processor.py:840} INFO - DAG(s) 'bixi_main_dag' retrieved from /opt/airflow/dags/bixi_main_dag.py
[2025-04-30T21:38:59.820+0000] {logging_mixin.py:188} INFO - [2025-04-30T21:38:59.820+0000] {dag.py:3036} INFO - Sync 1 DAGs
[2025-04-30T21:38:59.844+0000] {logging_mixin.py:188} INFO - [2025-04-30T21:38:59.844+0000] {dag.py:3823} INFO - Setting next_dagrun for bixi_main_dag to 2025-04-30 00:00:00+00:00, run_after=2025-05-01 00:00:00+00:00
[2025-04-30T21:38:59.864+0000] {processor.py:183} INFO - Processing /opt/airflow/dags/bixi_main_dag.py took 0.490 seconds
[2025-04-30T21:39:30.081+0000] {processor.py:161} INFO - Started process (PID=308) to work on /opt/airflow/dags/bixi_main_dag.py
[2025-04-30T21:39:30.082+0000] {processor.py:830} INFO - Processing file /opt/airflow/dags/bixi_main_dag.py for tasks to queue
[2025-04-30T21:39:30.083+0000] {logging_mixin.py:188} INFO - [2025-04-30T21:39:30.083+0000] {dagbag.py:538} INFO - Filling up the DagBag from /opt/airflow/dags/bixi_main_dag.py
[2025-04-30T21:39:30.295+0000] {processor.py:840} INFO - DAG(s) 'bixi_main_dag' retrieved from /opt/airflow/dags/bixi_main_dag.py
[2025-04-30T21:39:30.332+0000] {logging_mixin.py:188} INFO - [2025-04-30T21:39:30.332+0000] {dag.py:3036} INFO - Sync 1 DAGs
[2025-04-30T21:39:30.370+0000] {logging_mixin.py:188} INFO - [2025-04-30T21:39:30.370+0000] {dag.py:3823} INFO - Setting next_dagrun for bixi_main_dag to 2025-04-30 00:00:00+00:00, run_after=2025-05-01 00:00:00+00:00
[2025-04-30T21:39:30.395+0000] {processor.py:183} INFO - Processing /opt/airflow/dags/bixi_main_dag.py took 0.316 seconds
[2025-04-30T21:40:00.659+0000] {processor.py:161} INFO - Started process (PID=314) to work on /opt/airflow/dags/bixi_main_dag.py
[2025-04-30T21:40:00.661+0000] {processor.py:830} INFO - Processing file /opt/airflow/dags/bixi_main_dag.py for tasks to queue
[2025-04-30T21:40:00.663+0000] {logging_mixin.py:188} INFO - [2025-04-30T21:40:00.662+0000] {dagbag.py:538} INFO - Filling up the DagBag from /opt/airflow/dags/bixi_main_dag.py
[2025-04-30T21:40:01.090+0000] {processor.py:840} INFO - DAG(s) 'bixi_main_dag' retrieved from /opt/airflow/dags/bixi_main_dag.py
[2025-04-30T21:40:01.130+0000] {logging_mixin.py:188} INFO - [2025-04-30T21:40:01.130+0000] {dag.py:3036} INFO - Sync 1 DAGs
[2025-04-30T21:40:01.158+0000] {logging_mixin.py:188} INFO - [2025-04-30T21:40:01.156+0000] {dag.py:3823} INFO - Setting next_dagrun for bixi_main_dag to 2025-04-30 00:00:00+00:00, run_after=2025-05-01 00:00:00+00:00
[2025-04-30T21:40:01.188+0000] {processor.py:183} INFO - Processing /opt/airflow/dags/bixi_main_dag.py took 0.539 seconds
[2025-04-30T21:40:31.496+0000] {processor.py:161} INFO - Started process (PID=320) to work on /opt/airflow/dags/bixi_main_dag.py
[2025-04-30T21:40:31.498+0000] {processor.py:830} INFO - Processing file /opt/airflow/dags/bixi_main_dag.py for tasks to queue
[2025-04-30T21:40:31.501+0000] {logging_mixin.py:188} INFO - [2025-04-30T21:40:31.500+0000] {dagbag.py:538} INFO - Filling up the DagBag from /opt/airflow/dags/bixi_main_dag.py
[2025-04-30T21:40:32.054+0000] {processor.py:840} INFO - DAG(s) 'bixi_main_dag' retrieved from /opt/airflow/dags/bixi_main_dag.py
[2025-04-30T21:40:32.106+0000] {logging_mixin.py:188} INFO - [2025-04-30T21:40:32.106+0000] {dag.py:3036} INFO - Sync 1 DAGs
[2025-04-30T21:40:32.137+0000] {logging_mixin.py:188} INFO - [2025-04-30T21:40:32.137+0000] {dag.py:3823} INFO - Setting next_dagrun for bixi_main_dag to 2025-04-30 00:00:00+00:00, run_after=2025-05-01 00:00:00+00:00
[2025-04-30T21:40:32.159+0000] {processor.py:183} INFO - Processing /opt/airflow/dags/bixi_main_dag.py took 0.675 seconds
[2025-04-30T21:41:02.224+0000] {processor.py:161} INFO - Started process (PID=326) to work on /opt/airflow/dags/bixi_main_dag.py
[2025-04-30T21:41:02.227+0000] {processor.py:830} INFO - Processing file /opt/airflow/dags/bixi_main_dag.py for tasks to queue
[2025-04-30T21:41:02.232+0000] {logging_mixin.py:188} INFO - [2025-04-30T21:41:02.230+0000] {dagbag.py:538} INFO - Filling up the DagBag from /opt/airflow/dags/bixi_main_dag.py
[2025-04-30T21:41:02.488+0000] {processor.py:840} INFO - DAG(s) 'bixi_main_dag' retrieved from /opt/airflow/dags/bixi_main_dag.py
[2025-04-30T21:41:02.526+0000] {logging_mixin.py:188} INFO - [2025-04-30T21:41:02.525+0000] {dag.py:3036} INFO - Sync 1 DAGs
[2025-04-30T21:41:02.570+0000] {logging_mixin.py:188} INFO - [2025-04-30T21:41:02.570+0000] {dag.py:3823} INFO - Setting next_dagrun for bixi_main_dag to 2025-04-30 00:00:00+00:00, run_after=2025-05-01 00:00:00+00:00
[2025-04-30T21:41:02.591+0000] {processor.py:183} INFO - Processing /opt/airflow/dags/bixi_main_dag.py took 0.372 seconds
[2025-04-30T21:41:32.856+0000] {processor.py:161} INFO - Started process (PID=332) to work on /opt/airflow/dags/bixi_main_dag.py
[2025-04-30T21:41:32.858+0000] {processor.py:830} INFO - Processing file /opt/airflow/dags/bixi_main_dag.py for tasks to queue
[2025-04-30T21:41:32.859+0000] {logging_mixin.py:188} INFO - [2025-04-30T21:41:32.858+0000] {dagbag.py:538} INFO - Filling up the DagBag from /opt/airflow/dags/bixi_main_dag.py
[2025-04-30T21:41:33.063+0000] {processor.py:840} INFO - DAG(s) 'bixi_main_dag' retrieved from /opt/airflow/dags/bixi_main_dag.py
[2025-04-30T21:41:33.097+0000] {logging_mixin.py:188} INFO - [2025-04-30T21:41:33.097+0000] {dag.py:3036} INFO - Sync 1 DAGs
[2025-04-30T21:41:33.114+0000] {logging_mixin.py:188} INFO - [2025-04-30T21:41:33.114+0000] {dag.py:3823} INFO - Setting next_dagrun for bixi_main_dag to 2025-04-30 00:00:00+00:00, run_after=2025-05-01 00:00:00+00:00
[2025-04-30T21:41:33.126+0000] {processor.py:183} INFO - Processing /opt/airflow/dags/bixi_main_dag.py took 0.273 seconds
[2025-04-30T21:42:03.342+0000] {processor.py:161} INFO - Started process (PID=338) to work on /opt/airflow/dags/bixi_main_dag.py
[2025-04-30T21:42:03.343+0000] {processor.py:830} INFO - Processing file /opt/airflow/dags/bixi_main_dag.py for tasks to queue
[2025-04-30T21:42:03.344+0000] {logging_mixin.py:188} INFO - [2025-04-30T21:42:03.344+0000] {dagbag.py:538} INFO - Filling up the DagBag from /opt/airflow/dags/bixi_main_dag.py
[2025-04-30T21:42:03.564+0000] {processor.py:840} INFO - DAG(s) 'bixi_main_dag' retrieved from /opt/airflow/dags/bixi_main_dag.py
[2025-04-30T21:42:03.613+0000] {logging_mixin.py:188} INFO - [2025-04-30T21:42:03.613+0000] {dag.py:3036} INFO - Sync 1 DAGs
[2025-04-30T21:42:03.640+0000] {logging_mixin.py:188} INFO - [2025-04-30T21:42:03.640+0000] {dag.py:3823} INFO - Setting next_dagrun for bixi_main_dag to 2025-04-30 00:00:00+00:00, run_after=2025-05-01 00:00:00+00:00
[2025-04-30T21:42:03.652+0000] {processor.py:183} INFO - Processing /opt/airflow/dags/bixi_main_dag.py took 0.316 seconds
[2025-04-30T21:42:33.820+0000] {processor.py:161} INFO - Started process (PID=344) to work on /opt/airflow/dags/bixi_main_dag.py
[2025-04-30T21:42:33.821+0000] {processor.py:830} INFO - Processing file /opt/airflow/dags/bixi_main_dag.py for tasks to queue
[2025-04-30T21:42:33.822+0000] {logging_mixin.py:188} INFO - [2025-04-30T21:42:33.822+0000] {dagbag.py:538} INFO - Filling up the DagBag from /opt/airflow/dags/bixi_main_dag.py
[2025-04-30T21:42:33.977+0000] {processor.py:840} INFO - DAG(s) 'bixi_main_dag' retrieved from /opt/airflow/dags/bixi_main_dag.py
[2025-04-30T21:42:33.998+0000] {logging_mixin.py:188} INFO - [2025-04-30T21:42:33.998+0000] {dag.py:3036} INFO - Sync 1 DAGs
[2025-04-30T21:42:34.011+0000] {logging_mixin.py:188} INFO - [2025-04-30T21:42:34.011+0000] {dag.py:3823} INFO - Setting next_dagrun for bixi_main_dag to 2025-04-30 00:00:00+00:00, run_after=2025-05-01 00:00:00+00:00
[2025-04-30T21:42:34.021+0000] {processor.py:183} INFO - Processing /opt/airflow/dags/bixi_main_dag.py took 0.204 seconds
[2025-04-30T21:43:04.303+0000] {processor.py:161} INFO - Started process (PID=350) to work on /opt/airflow/dags/bixi_main_dag.py
[2025-04-30T21:43:04.305+0000] {processor.py:830} INFO - Processing file /opt/airflow/dags/bixi_main_dag.py for tasks to queue
[2025-04-30T21:43:04.306+0000] {logging_mixin.py:188} INFO - [2025-04-30T21:43:04.306+0000] {dagbag.py:538} INFO - Filling up the DagBag from /opt/airflow/dags/bixi_main_dag.py
[2025-04-30T21:43:04.587+0000] {processor.py:840} INFO - DAG(s) 'bixi_main_dag' retrieved from /opt/airflow/dags/bixi_main_dag.py
[2025-04-30T21:43:04.620+0000] {logging_mixin.py:188} INFO - [2025-04-30T21:43:04.620+0000] {dag.py:3036} INFO - Sync 1 DAGs
[2025-04-30T21:43:04.642+0000] {logging_mixin.py:188} INFO - [2025-04-30T21:43:04.642+0000] {dag.py:3823} INFO - Setting next_dagrun for bixi_main_dag to 2025-04-30 00:00:00+00:00, run_after=2025-05-01 00:00:00+00:00
[2025-04-30T21:43:04.660+0000] {processor.py:183} INFO - Processing /opt/airflow/dags/bixi_main_dag.py took 0.362 seconds
[2025-04-30T21:43:34.863+0000] {processor.py:161} INFO - Started process (PID=356) to work on /opt/airflow/dags/bixi_main_dag.py
[2025-04-30T21:43:34.865+0000] {processor.py:830} INFO - Processing file /opt/airflow/dags/bixi_main_dag.py for tasks to queue
[2025-04-30T21:43:34.865+0000] {logging_mixin.py:188} INFO - [2025-04-30T21:43:34.865+0000] {dagbag.py:538} INFO - Filling up the DagBag from /opt/airflow/dags/bixi_main_dag.py
[2025-04-30T21:43:35.044+0000] {processor.py:840} INFO - DAG(s) 'bixi_main_dag' retrieved from /opt/airflow/dags/bixi_main_dag.py
[2025-04-30T21:43:35.069+0000] {logging_mixin.py:188} INFO - [2025-04-30T21:43:35.069+0000] {dag.py:3036} INFO - Sync 1 DAGs
[2025-04-30T21:43:35.089+0000] {logging_mixin.py:188} INFO - [2025-04-30T21:43:35.089+0000] {dag.py:3823} INFO - Setting next_dagrun for bixi_main_dag to 2025-04-30 00:00:00+00:00, run_after=2025-05-01 00:00:00+00:00
[2025-04-30T21:43:35.100+0000] {processor.py:183} INFO - Processing /opt/airflow/dags/bixi_main_dag.py took 0.240 seconds
[2025-04-30T21:44:05.322+0000] {processor.py:161} INFO - Started process (PID=362) to work on /opt/airflow/dags/bixi_main_dag.py
[2025-04-30T21:44:05.323+0000] {processor.py:830} INFO - Processing file /opt/airflow/dags/bixi_main_dag.py for tasks to queue
[2025-04-30T21:44:05.324+0000] {logging_mixin.py:188} INFO - [2025-04-30T21:44:05.323+0000] {dagbag.py:538} INFO - Filling up the DagBag from /opt/airflow/dags/bixi_main_dag.py
[2025-04-30T21:44:05.557+0000] {processor.py:840} INFO - DAG(s) 'bixi_main_dag' retrieved from /opt/airflow/dags/bixi_main_dag.py
[2025-04-30T21:44:05.585+0000] {logging_mixin.py:188} INFO - [2025-04-30T21:44:05.584+0000] {dag.py:3036} INFO - Sync 1 DAGs
[2025-04-30T21:44:05.603+0000] {logging_mixin.py:188} INFO - [2025-04-30T21:44:05.603+0000] {dag.py:3823} INFO - Setting next_dagrun for bixi_main_dag to 2025-04-30 00:00:00+00:00, run_after=2025-05-01 00:00:00+00:00
[2025-04-30T21:44:05.613+0000] {processor.py:183} INFO - Processing /opt/airflow/dags/bixi_main_dag.py took 0.302 seconds
[2025-04-30T21:44:35.774+0000] {processor.py:161} INFO - Started process (PID=368) to work on /opt/airflow/dags/bixi_main_dag.py
[2025-04-30T21:44:35.776+0000] {processor.py:830} INFO - Processing file /opt/airflow/dags/bixi_main_dag.py for tasks to queue
[2025-04-30T21:44:35.776+0000] {logging_mixin.py:188} INFO - [2025-04-30T21:44:35.776+0000] {dagbag.py:538} INFO - Filling up the DagBag from /opt/airflow/dags/bixi_main_dag.py
[2025-04-30T21:44:35.943+0000] {processor.py:840} INFO - DAG(s) 'bixi_main_dag' retrieved from /opt/airflow/dags/bixi_main_dag.py
[2025-04-30T21:44:35.975+0000] {logging_mixin.py:188} INFO - [2025-04-30T21:44:35.975+0000] {dag.py:3036} INFO - Sync 1 DAGs
[2025-04-30T21:44:35.999+0000] {logging_mixin.py:188} INFO - [2025-04-30T21:44:35.999+0000] {dag.py:3823} INFO - Setting next_dagrun for bixi_main_dag to 2025-04-30 00:00:00+00:00, run_after=2025-05-01 00:00:00+00:00
[2025-04-30T21:44:36.019+0000] {processor.py:183} INFO - Processing /opt/airflow/dags/bixi_main_dag.py took 0.248 seconds
