[2025-05-01T00:31:18.534+0000] {processor.py:161} INFO - Started process (PID=217) to work on /opt/airflow/dags/bixi_main_dag.py
[2025-05-01T00:31:18.536+0000] {processor.py:830} INFO - Processing file /opt/airflow/dags/bixi_main_dag.py for tasks to queue
[2025-05-01T00:31:18.538+0000] {logging_mixin.py:188} INFO - [2025-05-01T00:31:18.538+0000] {dagbag.py:538} INFO - Filling up the DagBag from /opt/airflow/dags/bixi_main_dag.py
[2025-05-01T00:31:19.128+0000] {processor.py:840} INFO - DAG(s) 'bixi_main_dag' retrieved from /opt/airflow/dags/bixi_main_dag.py
[2025-05-01T00:31:19.171+0000] {logging_mixin.py:188} INFO - [2025-05-01T00:31:19.171+0000] {dag.py:3036} INFO - Sync 1 DAGs
[2025-05-01T00:31:19.193+0000] {logging_mixin.py:188} INFO - [2025-05-01T00:31:19.192+0000] {dag.py:3823} INFO - Setting next_dagrun for bixi_main_dag to None, run_after=None
[2025-05-01T00:31:19.207+0000] {processor.py:183} INFO - Processing /opt/airflow/dags/bixi_main_dag.py took 0.685 seconds
[2025-05-01T00:46:47.252+0000] {processor.py:161} INFO - Started process (PID=225) to work on /opt/airflow/dags/bixi_main_dag.py
[2025-05-01T00:46:47.254+0000] {processor.py:830} INFO - Processing file /opt/airflow/dags/bixi_main_dag.py for tasks to queue
[2025-05-01T00:46:47.255+0000] {logging_mixin.py:188} INFO - [2025-05-01T00:46:47.255+0000] {dagbag.py:538} INFO - Filling up the DagBag from /opt/airflow/dags/bixi_main_dag.py
[2025-05-01T00:46:47.717+0000] {processor.py:840} INFO - DAG(s) 'bixi_main_dag' retrieved from /opt/airflow/dags/bixi_main_dag.py
[2025-05-01T00:46:47.788+0000] {logging_mixin.py:188} INFO - [2025-05-01T00:46:47.788+0000] {dag.py:3036} INFO - Sync 1 DAGs
[2025-05-01T00:46:47.833+0000] {logging_mixin.py:188} INFO - [2025-05-01T00:46:47.832+0000] {dag.py:3823} INFO - Setting next_dagrun for bixi_main_dag to None, run_after=None
[2025-05-01T00:46:47.865+0000] {processor.py:183} INFO - Processing /opt/airflow/dags/bixi_main_dag.py took 0.622 seconds
[2025-05-01T01:52:54.180+0000] {processor.py:161} INFO - Started process (PID=231) to work on /opt/airflow/dags/bixi_main_dag.py
[2025-05-01T01:52:54.182+0000] {processor.py:830} INFO - Processing file /opt/airflow/dags/bixi_main_dag.py for tasks to queue
[2025-05-01T01:52:54.182+0000] {logging_mixin.py:188} INFO - [2025-05-01T01:52:54.182+0000] {dagbag.py:538} INFO - Filling up the DagBag from /opt/airflow/dags/bixi_main_dag.py
[2025-05-01T01:52:54.415+0000] {processor.py:840} INFO - DAG(s) 'bixi_main_dag' retrieved from /opt/airflow/dags/bixi_main_dag.py
[2025-05-01T01:52:54.446+0000] {logging_mixin.py:188} INFO - [2025-05-01T01:52:54.446+0000] {dag.py:3036} INFO - Sync 1 DAGs
[2025-05-01T01:52:54.463+0000] {logging_mixin.py:188} INFO - [2025-05-01T01:52:54.463+0000] {dag.py:3823} INFO - Setting next_dagrun for bixi_main_dag to None, run_after=None
[2025-05-01T01:52:54.474+0000] {processor.py:183} INFO - Processing /opt/airflow/dags/bixi_main_dag.py took 0.301 seconds
[2025-05-01T02:30:14.275+0000] {processor.py:161} INFO - Started process (PID=237) to work on /opt/airflow/dags/bixi_main_dag.py
[2025-05-01T02:30:14.277+0000] {processor.py:830} INFO - Processing file /opt/airflow/dags/bixi_main_dag.py for tasks to queue
[2025-05-01T02:30:14.282+0000] {logging_mixin.py:188} INFO - [2025-05-01T02:30:14.281+0000] {dagbag.py:538} INFO - Filling up the DagBag from /opt/airflow/dags/bixi_main_dag.py
[2025-05-01T02:30:14.766+0000] {processor.py:840} INFO - DAG(s) 'bixi_main_dag' retrieved from /opt/airflow/dags/bixi_main_dag.py
[2025-05-01T02:30:14.786+0000] {logging_mixin.py:188} INFO - [2025-05-01T02:30:14.786+0000] {dag.py:3036} INFO - Sync 1 DAGs
[2025-05-01T02:30:14.801+0000] {logging_mixin.py:188} INFO - [2025-05-01T02:30:14.801+0000] {dag.py:3823} INFO - Setting next_dagrun for bixi_main_dag to None, run_after=None
[2025-05-01T02:30:14.810+0000] {processor.py:183} INFO - Processing /opt/airflow/dags/bixi_main_dag.py took 0.548 seconds
[2025-05-01T02:43:19.510+0000] {processor.py:161} INFO - Started process (PID=245) to work on /opt/airflow/dags/bixi_main_dag.py
[2025-05-01T02:43:20.279+0000] {processor.py:830} INFO - Processing file /opt/airflow/dags/bixi_main_dag.py for tasks to queue
[2025-05-01T02:43:22.778+0000] {logging_mixin.py:188} INFO - [2025-05-01T02:43:21.907+0000] {dagbag.py:538} INFO - Filling up the DagBag from /opt/airflow/dags/bixi_main_dag.py
[2025-05-01T02:43:29.287+0000] {processor.py:840} INFO - DAG(s) 'bixi_main_dag' retrieved from /opt/airflow/dags/bixi_main_dag.py
[2025-05-01T02:43:29.554+0000] {logging_mixin.py:188} INFO - [2025-05-01T02:43:29.552+0000] {dag.py:3036} INFO - Sync 1 DAGs
[2025-05-01T02:43:29.689+0000] {logging_mixin.py:188} INFO - [2025-05-01T02:43:29.688+0000] {dag.py:3823} INFO - Setting next_dagrun for bixi_main_dag to None, run_after=None
[2025-05-01T02:43:29.814+0000] {processor.py:183} INFO - Processing /opt/airflow/dags/bixi_main_dag.py took 13.821 seconds
[2025-05-01T02:44:00.732+0000] {processor.py:161} INFO - Started process (PID=251) to work on /opt/airflow/dags/bixi_main_dag.py
[2025-05-01T02:44:00.733+0000] {processor.py:830} INFO - Processing file /opt/airflow/dags/bixi_main_dag.py for tasks to queue
[2025-05-01T02:44:00.736+0000] {logging_mixin.py:188} INFO - [2025-05-01T02:44:00.734+0000] {dagbag.py:538} INFO - Filling up the DagBag from /opt/airflow/dags/bixi_main_dag.py
[2025-05-01T02:44:01.225+0000] {processor.py:840} INFO - DAG(s) 'bixi_main_dag' retrieved from /opt/airflow/dags/bixi_main_dag.py
[2025-05-01T02:44:01.288+0000] {logging_mixin.py:188} INFO - [2025-05-01T02:44:01.287+0000] {dag.py:3036} INFO - Sync 1 DAGs
[2025-05-01T02:44:01.318+0000] {logging_mixin.py:188} INFO - [2025-05-01T02:44:01.318+0000] {dag.py:3823} INFO - Setting next_dagrun for bixi_main_dag to None, run_after=None
[2025-05-01T02:44:01.374+0000] {processor.py:183} INFO - Processing /opt/airflow/dags/bixi_main_dag.py took 0.647 seconds
[2025-05-01T02:44:31.705+0000] {processor.py:161} INFO - Started process (PID=257) to work on /opt/airflow/dags/bixi_main_dag.py
[2025-05-01T02:44:31.706+0000] {processor.py:830} INFO - Processing file /opt/airflow/dags/bixi_main_dag.py for tasks to queue
[2025-05-01T02:44:31.708+0000] {logging_mixin.py:188} INFO - [2025-05-01T02:44:31.707+0000] {dagbag.py:538} INFO - Filling up the DagBag from /opt/airflow/dags/bixi_main_dag.py
[2025-05-01T02:44:32.146+0000] {processor.py:840} INFO - DAG(s) 'bixi_main_dag' retrieved from /opt/airflow/dags/bixi_main_dag.py
[2025-05-01T02:44:32.211+0000] {logging_mixin.py:188} INFO - [2025-05-01T02:44:32.210+0000] {dag.py:3036} INFO - Sync 1 DAGs
[2025-05-01T02:44:32.254+0000] {logging_mixin.py:188} INFO - [2025-05-01T02:44:32.254+0000] {dag.py:3823} INFO - Setting next_dagrun for bixi_main_dag to None, run_after=None
[2025-05-01T02:44:32.286+0000] {processor.py:183} INFO - Processing /opt/airflow/dags/bixi_main_dag.py took 0.588 seconds
