[2025-04-30T20:23:25.216+0000] {manager.py:469} INFO - Processing files using up to 2 processes at a time 
[2025-04-30T20:23:25.216+0000] {manager.py:470} INFO - Process each file at most once every 30 seconds
[2025-04-30T20:23:25.217+0000] {manager.py:471} INFO - Checking for new files in /opt/airflow/dags every 300 seconds
[2025-04-30T20:23:25.217+0000] {manager.py:738} INFO - Searching for files in /opt/airflow/dags
[2025-04-30T20:23:25.224+0000] {manager.py:741} INFO - There are 1 files in /opt/airflow/dags
[2025-04-30T20:23:25.303+0000] {manager.py:879} INFO - 
================================================================================
DAG File Processing Stats

File Path                             PID  Runtime      # DAGs    # Errors  Last Runtime    Last Run
----------------------------------  -----  ---------  --------  ----------  --------------  ----------
/opt/airflow/dags/bixi_main_dag.py    165  0.03s             0           0
================================================================================
[2025-04-30T20:23:55.519+0000] {manager.py:879} INFO - 
================================================================================
DAG File Processing Stats

File Path                           PID    Runtime      # DAGs    # Errors  Last Runtime    Last Run
----------------------------------  -----  ---------  --------  ----------  --------------  -------------------
/opt/airflow/dags/bixi_main_dag.py                           1           0  1.34s           2025-04-30T20:23:26
================================================================================
[2025-04-30T20:24:26.024+0000] {manager.py:879} INFO - 
================================================================================
DAG File Processing Stats

File Path                           PID    Runtime      # DAGs    # Errors  Last Runtime    Last Run
----------------------------------  -----  ---------  --------  ----------  --------------  -------------------
/opt/airflow/dags/bixi_main_dag.py                           1           0  0.32s           2025-04-30T20:23:57
================================================================================
[2025-04-30T20:24:56.486+0000] {manager.py:879} INFO - 
================================================================================
DAG File Processing Stats

File Path                           PID    Runtime      # DAGs    # Errors  Last Runtime    Last Run
----------------------------------  -----  ---------  --------  ----------  --------------  -------------------
/opt/airflow/dags/bixi_main_dag.py                           1           0  0.37s           2025-04-30T20:24:27
================================================================================
[2025-04-30T20:25:27.048+0000] {manager.py:879} INFO - 
================================================================================
DAG File Processing Stats

File Path                           PID    Runtime      # DAGs    # Errors  Last Runtime    Last Run
----------------------------------  -----  ---------  --------  ----------  --------------  -------------------
/opt/airflow/dags/bixi_main_dag.py                           1           0  0.22s           2025-04-30T20:24:58
================================================================================
[2025-04-30T20:25:57.443+0000] {manager.py:879} INFO - 
================================================================================
DAG File Processing Stats

File Path                           PID    Runtime      # DAGs    # Errors  Last Runtime    Last Run
----------------------------------  -----  ---------  --------  ----------  --------------  -------------------
/opt/airflow/dags/bixi_main_dag.py                           1           0  0.37s           2025-04-30T20:25:28
================================================================================
[2025-04-30T20:26:27.760+0000] {manager.py:879} INFO - 
================================================================================
DAG File Processing Stats

File Path                           PID    Runtime      # DAGs    # Errors  Last Runtime    Last Run
----------------------------------  -----  ---------  --------  ----------  --------------  -------------------
/opt/airflow/dags/bixi_main_dag.py                           1           0  0.27s           2025-04-30T20:25:58
================================================================================
[2025-04-30T20:26:58.039+0000] {manager.py:879} INFO - 
================================================================================
DAG File Processing Stats

File Path                           PID    Runtime      # DAGs    # Errors  Last Runtime    Last Run
----------------------------------  -----  ---------  --------  ----------  --------------  -------------------
/opt/airflow/dags/bixi_main_dag.py                           1           0  0.34s           2025-04-30T20:26:29
================================================================================
[2025-04-30T20:27:28.585+0000] {manager.py:879} INFO - 
================================================================================
DAG File Processing Stats

File Path                           PID    Runtime      # DAGs    # Errors  Last Runtime    Last Run
----------------------------------  -----  ---------  --------  ----------  --------------  -------------------
/opt/airflow/dags/bixi_main_dag.py                           1           0  0.26s           2025-04-30T20:26:59
================================================================================
[2025-04-30T20:27:58.924+0000] {manager.py:879} INFO - 
================================================================================
DAG File Processing Stats

File Path                           PID    Runtime      # DAGs    # Errors  Last Runtime    Last Run
----------------------------------  -----  ---------  --------  ----------  --------------  -------------------
/opt/airflow/dags/bixi_main_dag.py                           1           0  0.26s           2025-04-30T20:27:29
================================================================================
[2025-04-30T20:28:25.367+0000] {manager.py:738} INFO - Searching for files in /opt/airflow/dags
[2025-04-30T20:28:25.384+0000] {manager.py:741} INFO - There are 1 files in /opt/airflow/dags
[2025-04-30T20:28:29.280+0000] {manager.py:879} INFO - 
================================================================================
DAG File Processing Stats

File Path                           PID    Runtime      # DAGs    # Errors  Last Runtime    Last Run
----------------------------------  -----  ---------  --------  ----------  --------------  -------------------
/opt/airflow/dags/bixi_main_dag.py                           1           0  0.28s           2025-04-30T20:28:00
================================================================================
[2025-04-30T20:49:16.802+0000] {manager.py:738} INFO - Searching for files in /opt/airflow/dags
[2025-04-30T20:49:16.822+0000] {manager.py:741} INFO - There are 1 files in /opt/airflow/dags
[2025-04-30T20:49:23.073+0000] {manager.py:879} INFO - 
================================================================================
DAG File Processing Stats

File Path                           PID    Runtime      # DAGs    # Errors  Last Runtime    Last Run
----------------------------------  -----  ---------  --------  ----------  --------------  -------------------
/opt/airflow/dags/bixi_main_dag.py                           1           0  1.35s           2025-04-30T20:49:18
================================================================================
[2025-04-30T21:15:07.666+0000] {manager.py:738} INFO - Searching for files in /opt/airflow/dags
[2025-04-30T21:15:07.690+0000] {manager.py:741} INFO - There are 1 files in /opt/airflow/dags
[2025-04-30T21:15:13.731+0000] {manager.py:879} INFO - 
================================================================================
DAG File Processing Stats

File Path                           PID    Runtime      # DAGs    # Errors  Last Runtime    Last Run
----------------------------------  -----  ---------  --------  ----------  --------------  -------------------
/opt/airflow/dags/bixi_main_dag.py                           1           0  0.86s           2025-04-30T21:15:08
================================================================================
[2025-04-30T21:23:24.006+0000] {manager.py:738} INFO - Searching for files in /opt/airflow/dags
[2025-04-30T21:23:24.885+0000] {manager.py:741} INFO - There are 1 files in /opt/airflow/dags
[2025-04-30T21:23:29.856+0000] {manager.py:879} INFO - 
================================================================================
DAG File Processing Stats

File Path                           PID    Runtime      # DAGs    # Errors  Last Runtime    Last Run
----------------------------------  -----  ---------  --------  ----------  --------------  -------------------
/opt/airflow/dags/bixi_main_dag.py                           1           0  0.89s           2025-04-30T21:23:25
================================================================================
[2025-04-30T21:24:00.179+0000] {manager.py:879} INFO - 
================================================================================
DAG File Processing Stats

File Path                           PID    Runtime      # DAGs    # Errors  Last Runtime    Last Run
----------------------------------  -----  ---------  --------  ----------  --------------  -------------------
/opt/airflow/dags/bixi_main_dag.py                           1           0  0.73s           2025-04-30T21:23:56
================================================================================
[2025-04-30T21:24:30.352+0000] {manager.py:879} INFO - 
================================================================================
DAG File Processing Stats

File Path                           PID    Runtime      # DAGs    # Errors  Last Runtime    Last Run
----------------------------------  -----  ---------  --------  ----------  --------------  -------------------
/opt/airflow/dags/bixi_main_dag.py                           1           0  0.28s           2025-04-30T21:24:27
================================================================================
[2025-04-30T21:25:00.641+0000] {manager.py:879} INFO - 
================================================================================
DAG File Processing Stats

File Path                           PID    Runtime      # DAGs    # Errors  Last Runtime    Last Run
----------------------------------  -----  ---------  --------  ----------  --------------  -------------------
/opt/airflow/dags/bixi_main_dag.py                           1           0  0.27s           2025-04-30T21:24:57
================================================================================
[2025-04-30T21:25:31.055+0000] {manager.py:879} INFO - 
================================================================================
DAG File Processing Stats

File Path                           PID    Runtime      # DAGs    # Errors  Last Runtime    Last Run
----------------------------------  -----  ---------  --------  ----------  --------------  -------------------
/opt/airflow/dags/bixi_main_dag.py                           1           0  0.32s           2025-04-30T21:25:28
================================================================================
[2025-04-30T21:26:01.405+0000] {manager.py:879} INFO - 
================================================================================
DAG File Processing Stats

File Path                           PID    Runtime      # DAGs    # Errors  Last Runtime    Last Run
----------------------------------  -----  ---------  --------  ----------  --------------  -------------------
/opt/airflow/dags/bixi_main_dag.py                           1           0  0.30s           2025-04-30T21:25:58
================================================================================
[2025-04-30T21:26:31.776+0000] {manager.py:879} INFO - 
================================================================================
DAG File Processing Stats

File Path                           PID    Runtime      # DAGs    # Errors  Last Runtime    Last Run
----------------------------------  -----  ---------  --------  ----------  --------------  -------------------
/opt/airflow/dags/bixi_main_dag.py                           1           0  0.29s           2025-04-30T21:26:28
================================================================================
[2025-04-30T21:27:02.119+0000] {manager.py:879} INFO - 
================================================================================
DAG File Processing Stats

File Path                           PID    Runtime      # DAGs    # Errors  Last Runtime    Last Run
----------------------------------  -----  ---------  --------  ----------  --------------  -------------------
/opt/airflow/dags/bixi_main_dag.py                           1           0  0.34s           2025-04-30T21:26:59
================================================================================
[2025-04-30T21:27:32.574+0000] {manager.py:879} INFO - 
================================================================================
DAG File Processing Stats

File Path                           PID    Runtime      # DAGs    # Errors  Last Runtime    Last Run
----------------------------------  -----  ---------  --------  ----------  --------------  -------------------
/opt/airflow/dags/bixi_main_dag.py                           1           0  0.53s           2025-04-30T21:27:28
================================================================================
[2025-04-30T21:27:33.407+0000] {manager.py:451} INFO - Exiting gracefully upon receiving signal 15
[2025-04-30T21:27:47.311+0000] {manager.py:469} INFO - Processing files using up to 2 processes at a time 
[2025-04-30T21:27:47.311+0000] {manager.py:470} INFO - Process each file at most once every 30 seconds
[2025-04-30T21:27:47.311+0000] {manager.py:471} INFO - Checking for new files in /opt/airflow/dags every 300 seconds
[2025-04-30T21:27:47.311+0000] {manager.py:738} INFO - Searching for files in /opt/airflow/dags
[2025-04-30T21:27:47.313+0000] {manager.py:741} INFO - There are 1 files in /opt/airflow/dags
[2025-04-30T21:27:47.351+0000] {manager.py:879} INFO - 
================================================================================
DAG File Processing Stats

File Path                             PID  Runtime      # DAGs    # Errors  Last Runtime    Last Run
----------------------------------  -----  ---------  --------  ----------  --------------  ----------
/opt/airflow/dags/bixi_main_dag.py    167  0.02s             0           0
================================================================================
[2025-04-30T21:28:17.556+0000] {manager.py:879} INFO - 
================================================================================
DAG File Processing Stats

File Path                           PID    Runtime      # DAGs    # Errors  Last Runtime    Last Run
----------------------------------  -----  ---------  --------  ----------  --------------  -------------------
/opt/airflow/dags/bixi_main_dag.py                           1           0  0.26s           2025-04-30T21:27:47
================================================================================
[2025-04-30T21:28:47.970+0000] {manager.py:879} INFO - 
================================================================================
DAG File Processing Stats

File Path                           PID    Runtime      # DAGs    # Errors  Last Runtime    Last Run
----------------------------------  -----  ---------  --------  ----------  --------------  -------------------
/opt/airflow/dags/bixi_main_dag.py                           1           0  1.04s           2025-04-30T21:28:18
================================================================================
[2025-04-30T21:29:18.196+0000] {manager.py:879} INFO - 
================================================================================
DAG File Processing Stats

File Path                           PID    Runtime      # DAGs    # Errors  Last Runtime    Last Run
----------------------------------  -----  ---------  --------  ----------  --------------  -------------------
/opt/airflow/dags/bixi_main_dag.py                           1           0  0.59s           2025-04-30T21:28:49
================================================================================
[2025-04-30T21:29:48.300+0000] {manager.py:879} INFO - 
================================================================================
DAG File Processing Stats

File Path                           PID    Runtime      # DAGs    # Errors  Last Runtime    Last Run
----------------------------------  -----  ---------  --------  ----------  --------------  -------------------
/opt/airflow/dags/bixi_main_dag.py                           1           0  0.36s           2025-04-30T21:29:20
================================================================================
[2025-04-30T21:30:18.586+0000] {manager.py:879} INFO - 
================================================================================
DAG File Processing Stats

File Path                           PID    Runtime      # DAGs    # Errors  Last Runtime    Last Run
----------------------------------  -----  ---------  --------  ----------  --------------  -------------------
/opt/airflow/dags/bixi_main_dag.py                           1           0  0.22s           2025-04-30T21:29:50
================================================================================
[2025-04-30T21:30:49.502+0000] {manager.py:879} INFO - 
================================================================================
DAG File Processing Stats

File Path                           PID    Runtime      # DAGs    # Errors  Last Runtime    Last Run
----------------------------------  -----  ---------  --------  ----------  --------------  -------------------
/opt/airflow/dags/bixi_main_dag.py                           1           0  0.55s           2025-04-30T21:30:21
================================================================================
[2025-04-30T21:31:19.748+0000] {manager.py:879} INFO - 
================================================================================
DAG File Processing Stats

File Path                           PID    Runtime      # DAGs    # Errors  Last Runtime    Last Run
----------------------------------  -----  ---------  --------  ----------  --------------  -------------------
/opt/airflow/dags/bixi_main_dag.py                           1           0  0.34s           2025-04-30T21:30:51
================================================================================
[2025-04-30T21:31:50.309+0000] {manager.py:879} INFO - 
================================================================================
DAG File Processing Stats

File Path                           PID    Runtime      # DAGs    # Errors  Last Runtime    Last Run
----------------------------------  -----  ---------  --------  ----------  --------------  -------------------
/opt/airflow/dags/bixi_main_dag.py                           1           0  0.30s           2025-04-30T21:31:22
================================================================================
[2025-04-30T21:32:20.807+0000] {manager.py:879} INFO - 
================================================================================
DAG File Processing Stats

File Path                           PID    Runtime      # DAGs    # Errors  Last Runtime    Last Run
----------------------------------  -----  ---------  --------  ----------  --------------  -------------------
/opt/airflow/dags/bixi_main_dag.py                           1           0  0.26s           2025-04-30T21:31:52
================================================================================
[2025-04-30T21:32:48.130+0000] {manager.py:738} INFO - Searching for files in /opt/airflow/dags
[2025-04-30T21:32:48.140+0000] {manager.py:741} INFO - There are 1 files in /opt/airflow/dags
[2025-04-30T21:32:51.174+0000] {manager.py:879} INFO - 
================================================================================
DAG File Processing Stats

File Path                           PID    Runtime      # DAGs    # Errors  Last Runtime    Last Run
----------------------------------  -----  ---------  --------  ----------  --------------  -------------------
/opt/airflow/dags/bixi_main_dag.py                           1           0  0.22s           2025-04-30T21:32:23
================================================================================
[2025-04-30T21:33:21.458+0000] {manager.py:879} INFO - 
================================================================================
DAG File Processing Stats

File Path                           PID    Runtime      # DAGs    # Errors  Last Runtime    Last Run
----------------------------------  -----  ---------  --------  ----------  --------------  -------------------
/opt/airflow/dags/bixi_main_dag.py                           1           0  0.23s           2025-04-30T21:32:53
================================================================================
[2025-04-30T21:33:51.779+0000] {manager.py:879} INFO - 
================================================================================
DAG File Processing Stats

File Path                           PID    Runtime      # DAGs    # Errors  Last Runtime    Last Run
----------------------------------  -----  ---------  --------  ----------  --------------  -------------------
/opt/airflow/dags/bixi_main_dag.py                           1           0  0.27s           2025-04-30T21:33:23
================================================================================
[2025-04-30T21:34:22.231+0000] {manager.py:879} INFO - 
================================================================================
DAG File Processing Stats

File Path                           PID    Runtime      # DAGs    # Errors  Last Runtime    Last Run
----------------------------------  -----  ---------  --------  ----------  --------------  -------------------
/opt/airflow/dags/bixi_main_dag.py                           1           0  0.23s           2025-04-30T21:33:54
================================================================================
[2025-04-30T21:34:52.468+0000] {manager.py:879} INFO - 
================================================================================
DAG File Processing Stats

File Path                           PID    Runtime      # DAGs    # Errors  Last Runtime    Last Run
----------------------------------  -----  ---------  --------  ----------  --------------  -------------------
/opt/airflow/dags/bixi_main_dag.py                           1           0  0.27s           2025-04-30T21:34:24
================================================================================
[2025-04-30T21:35:23.007+0000] {manager.py:879} INFO - 
================================================================================
DAG File Processing Stats

File Path                           PID    Runtime      # DAGs    # Errors  Last Runtime    Last Run
----------------------------------  -----  ---------  --------  ----------  --------------  -------------------
/opt/airflow/dags/bixi_main_dag.py                           1           0  0.39s           2025-04-30T21:34:55
================================================================================
[2025-04-30T21:35:53.583+0000] {manager.py:879} INFO - 
================================================================================
DAG File Processing Stats

File Path                           PID    Runtime      # DAGs    # Errors  Last Runtime    Last Run
----------------------------------  -----  ---------  --------  ----------  --------------  -------------------
/opt/airflow/dags/bixi_main_dag.py                           1           0  0.29s           2025-04-30T21:35:25
================================================================================
[2025-04-30T21:36:24.039+0000] {manager.py:879} INFO - 
================================================================================
DAG File Processing Stats

File Path                           PID    Runtime      # DAGs    # Errors  Last Runtime    Last Run
----------------------------------  -----  ---------  --------  ----------  --------------  -------------------
/opt/airflow/dags/bixi_main_dag.py                           1           0  0.24s           2025-04-30T21:35:56
================================================================================
[2025-04-30T21:36:54.408+0000] {manager.py:879} INFO - 
================================================================================
DAG File Processing Stats

File Path                           PID    Runtime      # DAGs    # Errors  Last Runtime    Last Run
----------------------------------  -----  ---------  --------  ----------  --------------  -------------------
/opt/airflow/dags/bixi_main_dag.py                           1           0  0.56s           2025-04-30T21:36:26
================================================================================
[2025-04-30T21:37:25.034+0000] {manager.py:879} INFO - 
================================================================================
DAG File Processing Stats

File Path                           PID    Runtime      # DAGs    # Errors  Last Runtime    Last Run
----------------------------------  -----  ---------  --------  ----------  --------------  -------------------
/opt/airflow/dags/bixi_main_dag.py                           1           0  0.26s           2025-04-30T21:36:57
================================================================================
[2025-04-30T21:37:48.453+0000] {manager.py:738} INFO - Searching for files in /opt/airflow/dags
[2025-04-30T21:37:48.465+0000] {manager.py:741} INFO - There are 1 files in /opt/airflow/dags
[2025-04-30T21:37:55.513+0000] {manager.py:879} INFO - 
================================================================================
DAG File Processing Stats

File Path                           PID    Runtime      # DAGs    # Errors  Last Runtime    Last Run
----------------------------------  -----  ---------  --------  ----------  --------------  -------------------
/opt/airflow/dags/bixi_main_dag.py                           1           0  0.46s           2025-04-30T21:37:27
================================================================================
[2025-04-30T21:38:26.089+0000] {manager.py:879} INFO - 
================================================================================
DAG File Processing Stats

File Path                           PID    Runtime      # DAGs    # Errors  Last Runtime    Last Run
----------------------------------  -----  ---------  --------  ----------  --------------  -------------------
/opt/airflow/dags/bixi_main_dag.py                           1           0  0.46s           2025-04-30T21:37:58
================================================================================
[2025-04-30T21:38:56.298+0000] {manager.py:879} INFO - 
================================================================================
DAG File Processing Stats

File Path                           PID    Runtime      # DAGs    # Errors  Last Runtime    Last Run
----------------------------------  -----  ---------  --------  ----------  --------------  -------------------
/opt/airflow/dags/bixi_main_dag.py                           1           0  0.59s           2025-04-30T21:38:29
================================================================================
[2025-04-30T21:39:27.028+0000] {manager.py:879} INFO - 
================================================================================
DAG File Processing Stats

File Path                           PID    Runtime      # DAGs    # Errors  Last Runtime    Last Run
----------------------------------  -----  ---------  --------  ----------  --------------  -------------------
/opt/airflow/dags/bixi_main_dag.py                           1           0  0.54s           2025-04-30T21:38:59
================================================================================
[2025-04-30T21:39:57.275+0000] {manager.py:879} INFO - 
================================================================================
DAG File Processing Stats

File Path                           PID    Runtime      # DAGs    # Errors  Last Runtime    Last Run
----------------------------------  -----  ---------  --------  ----------  --------------  -------------------
/opt/airflow/dags/bixi_main_dag.py                           1           0  0.35s           2025-04-30T21:39:30
================================================================================
[2025-04-30T21:40:27.395+0000] {manager.py:879} INFO - 
================================================================================
DAG File Processing Stats

File Path                           PID    Runtime      # DAGs    # Errors  Last Runtime    Last Run
----------------------------------  -----  ---------  --------  ----------  --------------  -------------------
/opt/airflow/dags/bixi_main_dag.py                           1           0  0.60s           2025-04-30T21:40:01
================================================================================
[2025-04-30T21:40:58.172+0000] {manager.py:879} INFO - 
================================================================================
DAG File Processing Stats

File Path                           PID    Runtime      # DAGs    # Errors  Last Runtime    Last Run
----------------------------------  -----  ---------  --------  ----------  --------------  -------------------
/opt/airflow/dags/bixi_main_dag.py                           1           0  0.73s           2025-04-30T21:40:32
================================================================================
[2025-04-30T21:41:28.564+0000] {manager.py:879} INFO - 
================================================================================
DAG File Processing Stats

File Path                           PID    Runtime      # DAGs    # Errors  Last Runtime    Last Run
----------------------------------  -----  ---------  --------  ----------  --------------  -------------------
/opt/airflow/dags/bixi_main_dag.py                           1           0  0.41s           2025-04-30T21:41:02
================================================================================
[2025-04-30T21:41:59.058+0000] {manager.py:879} INFO - 
================================================================================
DAG File Processing Stats

File Path                           PID    Runtime      # DAGs    # Errors  Last Runtime    Last Run
----------------------------------  -----  ---------  --------  ----------  --------------  -------------------
/opt/airflow/dags/bixi_main_dag.py                           1           0  0.30s           2025-04-30T21:41:33
================================================================================
[2025-04-30T21:42:29.507+0000] {manager.py:879} INFO - 
================================================================================
DAG File Processing Stats

File Path                           PID    Runtime      # DAGs    # Errors  Last Runtime    Last Run
----------------------------------  -----  ---------  --------  ----------  --------------  -------------------
/opt/airflow/dags/bixi_main_dag.py                           1           0  0.35s           2025-04-30T21:42:03
================================================================================
[2025-04-30T21:42:48.899+0000] {manager.py:738} INFO - Searching for files in /opt/airflow/dags
[2025-04-30T21:42:48.905+0000] {manager.py:741} INFO - There are 1 files in /opt/airflow/dags
[2025-04-30T21:42:59.978+0000] {manager.py:879} INFO - 
================================================================================
DAG File Processing Stats

File Path                           PID    Runtime      # DAGs    # Errors  Last Runtime    Last Run
----------------------------------  -----  ---------  --------  ----------  --------------  -------------------
/opt/airflow/dags/bixi_main_dag.py                           1           0  0.22s           2025-04-30T21:42:34
================================================================================
[2025-04-30T21:43:30.480+0000] {manager.py:879} INFO - 
================================================================================
DAG File Processing Stats

File Path                           PID    Runtime      # DAGs    # Errors  Last Runtime    Last Run
----------------------------------  -----  ---------  --------  ----------  --------------  -------------------
/opt/airflow/dags/bixi_main_dag.py                           1           0  0.41s           2025-04-30T21:43:04
================================================================================
[2025-04-30T21:44:01.026+0000] {manager.py:879} INFO - 
================================================================================
DAG File Processing Stats

File Path                           PID    Runtime      # DAGs    # Errors  Last Runtime    Last Run
----------------------------------  -----  ---------  --------  ----------  --------------  -------------------
/opt/airflow/dags/bixi_main_dag.py                           1           0  0.26s           2025-04-30T21:43:35
================================================================================
[2025-04-30T21:44:31.491+0000] {manager.py:879} INFO - 
================================================================================
DAG File Processing Stats

File Path                           PID    Runtime      # DAGs    # Errors  Last Runtime    Last Run
----------------------------------  -----  ---------  --------  ----------  --------------  -------------------
/opt/airflow/dags/bixi_main_dag.py                           1           0  0.34s           2025-04-30T21:44:05
================================================================================
