[2025-04-30T21:28:40.174+0000] {taskinstance.py:1956} INFO - Dependencies all met for dep_context=non-requeueable deps ti=<TaskInstance: bixi_main_dag.nettoyage_et_sauvegarde_csv manual__2025-04-30T21:28:39.524626+00:00 [queued]>
[2025-04-30T21:28:40.178+0000] {taskinstance.py:1956} INFO - Dependencies all met for dep_context=requeueable deps ti=<TaskInstance: bixi_main_dag.nettoyage_et_sauvegarde_csv manual__2025-04-30T21:28:39.524626+00:00 [queued]>
[2025-04-30T21:28:40.178+0000] {taskinstance.py:2170} INFO - Starting attempt 1 of 1
[2025-04-30T21:28:40.184+0000] {taskinstance.py:2191} INFO - Executing <Task(PythonOperator): nettoyage_et_sauvegarde_csv> on 2025-04-30 21:28:39.524626+00:00
[2025-04-30T21:28:40.188+0000] {standard_task_runner.py:60} INFO - Started process 181 to run task
[2025-04-30T21:28:40.190+0000] {standard_task_runner.py:87} INFO - Running: ['***', 'tasks', 'run', 'bixi_main_dag', 'nettoyage_et_sauvegarde_csv', 'manual__2025-04-30T21:28:39.524626+00:00', '--job-id', '11', '--raw', '--subdir', 'DAGS_FOLDER/bixi_main_dag.py', '--cfg-path', '/tmp/tmptxr4gqay']
[2025-04-30T21:28:40.192+0000] {standard_task_runner.py:88} INFO - Job 11: Subtask nettoyage_et_sauvegarde_csv
[2025-04-30T21:28:40.204+0000] {logging_mixin.py:188} WARNING - /home/***/.local/lib/python3.8/site-packages/***/settings.py:194 DeprecationWarning: The sql_alchemy_conn option in [core] has been moved to the sql_alchemy_conn option in [database] - the old setting has been used, but please update your config.
[2025-04-30T21:28:40.227+0000] {task_command.py:423} INFO - Running <TaskInstance: bixi_main_dag.nettoyage_et_sauvegarde_csv manual__2025-04-30T21:28:39.524626+00:00 [running]> on host d5f0c6aea8de
[2025-04-30T21:28:40.272+0000] {taskinstance.py:2480} INFO - Exporting env vars: AIRFLOW_CTX_DAG_OWNER='***' AIRFLOW_CTX_DAG_ID='bixi_main_dag' AIRFLOW_CTX_TASK_ID='nettoyage_et_sauvegarde_csv' AIRFLOW_CTX_EXECUTION_DATE='2025-04-30T21:28:39.524626+00:00' AIRFLOW_CTX_TRY_NUMBER='1' AIRFLOW_CTX_DAG_RUN_ID='manual__2025-04-30T21:28:39.524626+00:00'
[2025-04-30T21:28:40.678+0000] {logging_mixin.py:188} INFO - Nettoyage terminé. Fichier enregistré sous bixi_cleaned.csv
[2025-04-30T21:28:40.689+0000] {logging_mixin.py:188} INFO -   Nom de la borne de recharge  ... Catégorie puissance
1                   CEA-11452  ...               Lente
2                   CEA-11314  ...               Lente
3                   CEA-11908  ...               Lente
4                   CEA-11904  ...               Lente
5                   CEA-12657  ...               Lente

[5 rows x 14 columns]
[2025-04-30T21:28:40.690+0000] {python.py:201} INFO - Done. Returned value was: None
[2025-04-30T21:28:40.702+0000] {taskinstance.py:1138} INFO - Marking task as SUCCESS. dag_id=bixi_main_dag, task_id=nettoyage_et_sauvegarde_csv, execution_date=20250430T212839, start_date=20250430T212840, end_date=20250430T212840
[2025-04-30T21:28:40.742+0000] {local_task_job_runner.py:234} INFO - Task exited with return code 0
[2025-04-30T21:28:40.758+0000] {taskinstance.py:3280} INFO - 0 downstream tasks scheduled from follow-on schedule check
